28217313
54808136
52053221
47780243
29924505
25869558
7790204
31855217
64223516
68596703
31888701
61157672
41293878
20679125
7732001
60389409
51538866
38186103
22415516
1891850
35906124
63887960
3957051
50533821
11631003
37126535
31955736
4804371
20078096
586554
5491061
56873208
63842603
51938438
62462433
56961153
997029
57824090
14819861
21725177
31582076
51192063
47020913
35574785
39485723
28802084
22980882
28623263
58341872
18826931
9256728
1946390
34961957
21536028
26611416
3700359
17662359
57762744
59223132
36526847
41933010
12315435
8974268
11819825
23147429
8169602
31197263
56269194
10543316
54266699
25874667
23246451
59182376
69225891
30669755
61296378
53572311
60771471
10087194
54475856
15646404
56076305
47697990
47697990
70098443
64881080
52302465
33878709
6820002
42814707
62035484
34699775
24860511
6933731
21234675
19623411
55637361
25200507
68186657
50899229
60733484
63876924
63591444
24690822
63605801
36008951
7744986
20333079
31094694
684545
16389687
27226656
22267556
9948465
65598461
56572830
1180389
48567402
6819573
34311086
20389394
30035303
37871534
4628886
64429911
6862512
41617640
47004650
41746803
11410011
4756869
70120494
13391345
44603090
4859417
35691996
50613141
44102247
1857330
63122708
38354159
6820179
9848664
2174946
30486161
32646978
31864068
6620867
59366324
41258645
38214735
64311875
2631657
46699826
10022487
26226402
19981331
62856450
60591158
51156333
8435148
62845958
15789339
60169739
33790490
70894082
35382086
59963624
47590562
53293244
24724652
21017952
52713563
54359714
25976261
14233907
23905182
39884871
11005091
7738965
24839562
62916555
64881080
21812193
21798425
20887191
66600723
62701643
33865901
23316183
14555496
12772844
37352265
29380337
40585740
1621730
61788558
43221900
50528205
62299590
70453304
66159710
63009296
47692727
33707015
26773049
39181227
46863023
2051649
66078144
26257289
64652712
58662897
23257604
39493193
13326021
37518540
5161103
6527819
51204810
20690453
39485723
8644616
35919033
25009758
29530895
39552957
59487785
32941265
60306729
59435253
43802436
7537101
53041068
58986290
59075912
65319378
8435148
54475856
2075223
3148307
67348241
4435893
57722979
34950762
31472898
51306833
57311982
70980857
2174946
39302460
24221340
52754052
6169253
32383767
15246108
69757538
35510295
38978199
9206823
42981431
14425047
6832092
9325523
68107845
52235601
4241321
8845622
62003097
36670919
8751281
60264158
14122266
59271920
12065330
56529503
22731009
30992106
36554520
14946276
20199192
2612018
49672718
26820845
9183641
5169371
46544700
53609360
33164547
59615534
14495652
35642919
63073646
46471793
58673177
34024670
11414982
4731089
57454215
53781116
25785630
21215804
38434985
42816518
91082
61405805
21107268
51153291
44476826
22055279
25288826
25013057
2613600
3247758
3877668
11884331
9411222
41792688
45192575
70905798
14254242
41478116
935157
62302806
3788571
19989645
40738497
62096673
12525395
49553790
66065258
38803574
29273081
24547418
18771402
2297723
58048497
37297065
41935311
54918233
67967990
44109383
31886042
69587637
28054136
41293878
56758472
29290827
66306512
24449583
35482740
48648561
40026707
14080458
7516664
14847255
60729702
9985169
54702273
29343578
18830387
58510350
59809169
55532022
28630367
19407836
18821472
9305961
16869053
63842603
5491061
13177470
67831647
3542285
66798045
22303982
5270436
59031452
59544419
39488358
23522843
63508083
23455140
32016480
41516196
32423234
47180460
31717139
55445613
31896695
36263286
60102917
60749435
45047223
18146655
67332189
56122949
47696564
18916031
19116567
56999609
53241122
63987237
37518540
65528324
69173364
32233728
62912243
70050101
23740776
10445543
997029
63098234
11874891
70817442
42922536
53512697
16011210
60372155
47222721
19117448
61299903
55284699
49084286
14514318
28086630
36900101
7032027
31321166
13039799
17873660
20271849
30621474
40340991
63009296
68817584
23539362
60889607
46378893
29401515
35957369
68985791
10560614
39755970
47365337
35165381
8036294
34175187
18424574
25202300
17428727
38747373
57788249
43989926
30866153
63863507
10797362
8691555
60200393
29818073
7553871
33869738
58256717
44038293
2502413
57504480
67512644
20632109
66850970
47213393
9161256
14826201
29494373
66547572
29857302
22615241
49309098
43996539
28889070
49651050
68821131
13752765
23687157
24681947
34176245
41236587
61898498
60611031
22510364
14855528
68244009
42110367
53888678
17280470
13925652
21440462
5550669
30767918
7631051
58165101
32961195
18864473
5182827
1891850
7075023
11344571
18179904
28855727
59765114
14590323
60654983
16007738
15477540
10544547
37860374
46565391
33240474
22383380
34671717
20115849
69579993
43377960
70500239
50444682
45140348
24672212
61032660
40026707
11340864
5809244
43937471
9389711
15847727
30156398
37050251
51259962
58710888
56406357
16815411
14074749
65963424
58145873
41175062
53590986
15010805
29350458
64588875
62857431
62560734
45698445
51664914
6720456
35296224
40333916
20750355
69038985
54997269
54665045
52235601
38747373
3628731
57674915
44000540
34080713
43661663
53169590
50389754
34810403
36930987
18503237
1218203
52218932
32177412
26820845
40913067
2701061
60889607
28185339
39198549
28630367
59072303
25674012
27088152
6569816
47390477
11866920
28814892
52857044
91082
22364583
64037898
31707312
58265532
22711643
33118332
7794377
4453676
67348241
35489664
40810904
3240018
63570095
53289461
1253571
53190986
55024413
9552075
67974894
58103330
25642338
64209032
59635752
26308262
24860511
62907974
67432514
23727248
1672686
54665045
58217210
38272472
26932028
32093505
44824649
70534346
51499010
30105894
39035840
18932504
55530611
38200376
67929926
70544816
61764651
3978836
67336809
46777257
29378816
8927507
20775962
22368684
31193603
55578176
17719277
63668318
25935117
67946261
28757312
60490085
852890
48878109
68665856
27605775
54079305
41832219
70084341
40333916
55033953
2701100
10936178
53407668
25041371
44092925
62912243
62193512
9256728
6396056
22584932
2623820
70453304
23699558
66408281
36293142
59044964
33170609
48567402
55979274
18812969
38272472
64906373
54609141
41516196
40422251
33161426
29857302
20389394
45293424
59994402
36007662
67035167
49520789
70991660
68313080
25405302
65581425
30088868
50176892
57446157
16021896
24487002
8928264
14162048
35075312
11668271
11762573
26978984
69521822
29273081
56416035
51725288
15564215
6820179
61924661
1891850
59097402
56595630
50518433
46112157
12715716
48803774
1110051
35134547
19280736
54702273
35784116
41089230
13033544
54218963
69366018
38093087
31945172
49379064
22971234
54710229
18701591
41635853
39602120
30678663
38459264
54061208
9053358
21426381
25202735
44037000
10426995
34176245
37180923
70415100
29508765
45715487
4788576
6375776
63098234
31106588
30463829
2068209
66832149
46971015
33348081
12257364
56084964
69992475
29621625
23405498
44130332
17615457
35491560
59521755
426129
59009045
58592696
10101779
41022846
62925603
13004940
19136598
27951161
59097402
69497649
29077185
61634094
16402925
7932147
36814746
57411621
13328010
13706777
35784116
64774905
18304689
5293017
36954879
5264001
3283722
45032090
65801714
3453021
35402265
13705044
1527161
63764727
7493687
4530350
420180
280526
67860734
36305529
35372454
28010697
61789922
51721521
60749435
46807074
62169603
45825968
10944329
11367659
48365382
3400091
30063338
15477540
55282032
53115459
10935849
40913067
22438589
33439959
17173665
7451060
34959071
8040785
11140076
30370464
6735650
39418173
3738923
44159600
41684073
41933010
1324355
26285259
20628107
66420627
29940099
64451673
64934409
38286215
46510463
25013057
42173735
64916163
24994532
5027895
44892291
46389659
26201307
55374143
7273517
4759809
14223980
65697170
44278137
43231259
7913156
56677920
53839259
62831121
10779756
766094
37878726
34210230
50521568
16792301
36933935
5514945
39282845
22166352
39131580
12964730
51153291
29497682
65281157
727505
56803650
64760841
66832149
879248
37142780
48666399
16394274
53432489
53376275
57509846
38163623
44467481
36753851
23840927
2577098
42499743
38492058
59803724
30966266
49084947
14946276
33050934
41035700
34393586
29720183
41094705
56443217
44038293
55280894
16636325
32093505
64044194
45271862
7650662
9422706
70424211
63719582
17887950
33257600
23754854
22824219
48654795
26621649
43705856
30045984
26608701
70921109
29138420
69759411
21874181
58020707
14755862
61547943
65243037
62167538
17548902
54026286
12316428
39266526
61131798
34865102
7597707
62731727
24126843
25594680
70018064
41347856
36626109
53502672
58356573
36667527
60595430
50256330
4640315
56286260
48499464
20884577
14626671
31965390
70894862
34393586
31577948
9133215
41316444
50886576
24552248
40861775
36902909
16756560
29669228
40331694
6019938
8139216
48598290
37992513
17922600
63475986
3247758
12742074
13039799
3240018
55144785
53965821
945477
18649800
69716550
59311784
61350681
17073608
20427669
41193632
33174960
37194527
47975265
47591967
29007398
67814058
68904302
63959175
17192799
49854575
33210465
34164953
55820013
56673138
28375268
53484476
66595341
32233025
65749742
34740497
51340646
20906006
20199192
29820297
30727842
59498105
22315193
16097556
40865363
51432302
70901703
66186854
69675833
17280470
5196665
38631020
63143724
21973998
24748496
1448007
36945557
59623779
9255380
45278993
17504909
31049687
56137163
14616926
17477226
2320985
25427798
56996004
14057916
319058
51713781
55186364
1260791
33234825
8397302
57343605
66387042
11668488
41613600
51253271
31106588
391164
17454506
502319
69469290
36448965
36451539
70519175
68709530
47365337
29018061
43897440
22058589
38377749
26007362
5138696
35220933
17277579
29115872
50553158
64248539
31091969
45839250
25307466
48061605
68414189
14454860
70505832
33827306
2191793
70482492
9097686
21949449
45513095
67180893
61767375
59189163
57013710
55359597
10247015
46263221
46838877
10333901
56424069
10918712
46898819
55216958
27881232
34210230
59182416
48812883
36495459
36246009
7403270
13106630
59268707
31260795
67747368
60037514
17887950
29697719
37372859
29237849
19290056
21723485
36431688
27160140
53129949
27605775
14849111
49643444
48446424
29061584
71033858
34789203
64454420
38103233
22030647
60306729
66712074
30759182
38614641
69030149
57722979
67242389
27457185
70186187
4371776
70018064
27334998
24672212
56424147
17823150
22416225
47698482
18304566
27156831
36871301
17245911
68677221
6533546
63645443
13511471
24523683
42499743
50111061
60728570
34729656
18882489
14626671
44002040
50393259
33739440
9401552
56830386
70600296
64271922
42964250
35003217
34810652
23277206
14057916
29735097
33095589
65489970
67348241
28478690
27275079
45903912
8590530
63654663
9033251
6322088
34846844
27527075
34121601
58340349
9238686
35685429
24675182
26240798
7571454
17231793
5078306
8299061
46713864
8206647
34794980
5515808
68922003
6820002
39343956
56605395
23617698
40876283
12232874
10713705
46800150
32560569
28991798
1529496
17603547
15789339
23455140
65795490
11765654
25785630
52256294
46424055
19200558
37974744
8447550
43248129
24724652
37196462
36686130
14977988
17873660
63144620
29702711
47007768
13591751
8299061
1195467
60889607
64425363
53466893
35296671
2285712
15114216
32568276
70745157
64853015
36482043
66367095
7193855
6799002
887757
9093684
52437410
837603
1253571
1213383
39618
7395251
42048863
2226080
1040301
47591967
14241005
13312019
49381581
64907075
12897161
30461568
935157
64465668
21145643
19636928
16792301
42875213
11830587
17683730
60559529
17802953
31001351
371351
65279754
21730971
70277564
60730520
39705425
34407843
40569359
14090093
63090900
28823807
50256330
15062517
15819236
20516301
53835672
61642737
12080010
64574249
49665854
48662889
60860468
15025991
8157474
57077570
27069197
52789050
9539088
34837212
43429908
4698446
60860468
9962042
14574393
61847447
39418173
53679210
69716550
30795431
53470343
35252817
5173304
38530901
22623308
68984642
24186980
2042118
34358141
9705557
40026980
14365238
38459264
37287371
9069177
17465621
37796928
67134656
24600413
56712411
58334204
14182794
54218963
15420
38293197
38074913
49253858
66450027
51442950
26934392
43102176
49411611
4076451
16368026
59966940
7650662
65800956
23555531
70231004
27180191
49777337
35762025
51198693
22336781
47561468
51134592
27887138
31487663
57077351
59047514
16593776
9237282
21852908
56744604
16606800
47426552
43324046
41198679
65023703
59414799
15705644
21920045
44753936
32483717
38526813
12214878
20743101
59880849
49600473
18507879
61217981
47031576
67825250
31299623
14732712
11547488
3247758
40044414
28747283
11830587
8216202
11675624
19629924
27376494
17090519
26037648
4714025
33004719
12693596
61926461
14384681
20291427
27512799
66080406
64029201
36777468
31967481
28753992
21440462
69298610
362715
13748102
53436083
20743025
48610436
40621580
53266488
51474306
32204634
45781103
47324777
20973615
34847435
49177596
24359220
67364598
53611656
41542113
29755986
49934391
54720486
12191394
67522806
383130
43077489
6842177
16696712
33790490
58542861
47243351
61754643
65678823
32996145
63605801
7241162
56671323
7551959
50194242
59336901
30982023
57630683
23288226
6601140
8389875
59963624
54575135
56531474
3281687
24234053
20949785
28548110
48107648
38019735
55472484
7994742
28438482
53453946
36936471
8157474
19248917
32978729
2993538
16168754
1610310
7188146
10630167
64372301
37364027
56512616
27412319
9014750
11635448
49064028
24336774
14365238
30504786
48915125
55864413
66713160
13229930
41788806
68171922
48598112
44870999
13572384
67018278
67914015
22119140
51509985
70776180
69669008
69194930
344838
22596695
26613966
58902362
18933876
63897827
13582313
31765398
31677477
48292842
44765369
30637152
16374339
30557624
22657517
64791596
13525818
9547724
35617802
33564180
33439959
59075912
31376630
39876891
9924362
27306902
2933457
50521964
5063486
3749882
22305107
52275266
37569731
19598553
43601688
55046075
37666295
53588433
48998618
26221137
70817442
17791404
11670899
19417437
63338238
36687489
19612727
46838877
22707650
47884371
31999772
66124689
43570488
51518198
36985175
36659237
53256170
22959629
15970845
2758292
11222243
63803454
42666914
1096229
18282810
43806906
18546060
61871370
61523046
62845958
14521182
11752728
22066778
245895
35527730
8181920
13879163
69832830
17699309
66442382
823736
53288351
68524209
3627578
40270580
7140176
44033901
30779985
56943488
29800992
34294488
64946699
37796615
21121286
53873307
46525707
38670621
52706934
28427016
43196378
59339063
17791544
5047262
21736527
46609127
20489328
50004450
22032560
57797415
