9557856
70822349
1447703
124526988
125663507
97992126
253482489
44898182
30312143
248498559
250629461
132704325
68843843
54526797
64159731
57820643
37472435
182440502
206200358
88748109
172582046
140438600
81623168
51517871
269883872
72553436
89213660
27872396
219181832
43336827
177384492
19930626
2493144
159711929
114826698
42924176
185278806
102773907
120727710
98166033
25627446
223518203
28685628
100709612
37069839
38728242
60399657
38728242
240792830
147563081
46711853
245360474
249763013
91570616
179552853
167035688
64110069
127741031
149536926
85207014
77807835
123171929
82815714
22082274
275102487
188195274
201125447
254459790
140438600
119481435
27732474
253482489
255868289
28810620
264347100
40480776
14241311
162885465
56453985
127502279
263559059
147216545
273478517
262142982
154921067
153948465
991034
13602536
233757728
128061674
95777855
269883872
30734622
244046843
6848504
114792065
94751091
166341464
273478517
198705626
246936707
43684604
150893477
200054142
781488
46711853
30116304
119371625
244046843
96869826
160364484
47865086
36866564
266608061
63575135
195281703
5520914
255806334
68843843
236191625
991034
77287220
13311297
90257778
75803633
124080245
251120853
91286981
209516652
77750190
20266371
221545142
67490001
244362338
145386189
160390853
239270274
200179250
182440502
274250582
134116974
111690836
184545306
165058136
270584945
13965191
62128430
59939568
147311963
51750207
102773907
99771983
123497955
25627446
193648302
36866564
242218052
123497955
147574854
13563612
45014786
58710284
25842050
259426341
56898188
89346429
13563612
94581279
98204624
53516366
261460349
105149627
54102365
198941624
64806560
34155828
17694369
258067125
131737041
245902284
255911948
227391821
38380931
227773377
67730373
35410698
105543296
8918523
215769762
264346478
214571816
154921067
250926930
2298285
274232655
24727094
134116974
190914669
207251441
249838595
253511117
230827212
151609167
274495329
6016526
242749475
31468176
99171008
229268079
198308672
30734622
163353536
200114847
124658252
269575937
125836362
145691486
73834767
212554161
169836831
139689008
6016526
104410349
214101216
13311297
249763013
237469553
81366597
68843843
237469553
92349431
265093929
31554359
31184261
5968007
49528565
112013001
89754506
24727094
89393499
269883872
111470660
139317867
266034717
210849318
158820407
253819331
140732208
179461170
74625362
188527248
82375479
144987605
11089781
268314066
236021597
36646263
277653303
17222588
5968007
163715084
81258552
198705626
106748613
226324422
216045558
114007931
26536886
140946669
106748613
170303579
89346429
9788490
275102487
172561032
279022409
245617362
103442273
95272964
33856191
226404684
198308672
245264255
35779428
167050439
157001660
227073302
268091783
163715084
182754773
26043596
60185438
262533095
44613441
186762428
44641332
168111377
143132516
200179250
133555607
147496823
172250136
165502817
64719261
195191423
38728242
100730978
132734411
77287220
110004093
70822349
89307449
255410154
158577426
98299457
180775358
227834226
269414801
131796927
106437978
95777855
74004587
17136783
126674603
139689008
240104052
240074307
150264666
201125447
60619068
103546610
213108012
0
19930626
110677832
111374927
145272654
128061674
21212514
139689008
98204624
51475535
120308552
64288016
32109687
7446240
245264255
127557945
31468176
265093929
262142982
248066549
162885465
168368787
114007931
5077431
34687197
141771078
103872617
40831839
41053841
172952433
265093929
191321207
188005166
168311915
50324202
269862803
230612418
15697197
74625362
84864033
256464063
188165078
5745663
227258478
59900688
89346429
228316302
69121250
74625362
120151826
58984344
130402187
129874023
27872396
90257778
10360016
240074307
51750207
38252978
254876490
168368787
235665710
106705637
149030252
90586691
25031394
72652373
93336425
4236542
66986252
275460911
275460911
130974713
254459790
32405795
56159901
224672372
85843008
172463634
120436344
253482489
36646263
190920977
112337234
24330681
188843760
190914669
55646027
117850014
212554161
145450682
87069987
149417954
114792065
193874310
266255657
37878506
126659916
269888363
33659460
201599900
62344700
102614507
174993669
240555806
2493144
278578745
46055834
89723493
87069987
240368552
41860197
249357708
45951299
24727094
256464063
84711572
203551866
190920977
188023193
81594441
125836362
153948465
190920977
153948465
35104013
189775619
140383448
1447703
145272654
86527107
201599900
242749475
20474693
4623624
127264365
245902284
256253400
31184261
244406358
107843373
145691486
75803633
249309360
47070243
167254839
123497955
40325615
44899019
271867940
200890295
69044814
203943410
11972826
192079538
255410154
169836831
77807835
104200253
85949360
12189239
170303579
107066996
104434046
88559414
162485207
9856502
188165078
21316436
274250582
158445810
249849053
172952433
154673783
88451513
84905037
236950685
64719261
274355460
14279940
129199842
38929590
89754506
155537271
216045558
124658252
147574854
272986874
47502441
1122731
255911948
90225585
195309117
185610555
280738791
50077224
116185868
141624863
45951299
245360474
31468176
250629461
3371841
151609167
228875643
14279940
276994376
239270274
86342408
181708352
64888893
67730373
110015811
33856191
85207014
195191423
89213660
22082274
214898400
262110851
201125447
30312143
244406358
163157822
150397928
41860197
115463564
204179723
252705617
37743191
30734622
124080245
51517871
116102312
193874310
251800533
256253400
180591857
153002700
153525042
153002700
249763013
149536926
155181752
40480776
4942187
146786139
250629461
29529854
160450002
251120853
107843373
272082374
213108012
62626643
250189829
212935373
81463986
13033935
151609167
88410951
143203032
257333409
249890561
137866788
146578895
236021597
131385158
152273861
30116304
67730373
11149857
170416044
123510339
110435804
199487961
165697946
204195122
168560720
2474504
100764665
128365794
86342408
41053841
236950685
168122357
13053366
195977483
77662944
19229021
230330753
163783152
110015811
193874310
154739079
195191423
194122250
246810743
10861560
77240700
151212536
214101216
117575055
16853894
163440044
103064166
126659916
205112934
158820407
189081944
13691763
153859428
276666389
135092151
184514292
137352339
205848576
66977270
255410154
193874310
124136352
145691486
252146276
203390937
200179250
34854335
84711572
181716345
13053366
278578745
192408542
221545142
139495689
89348643
179278956
27732474
240555806
72394316
134989011
21625820
107843373
170300502
177770636
170264321
179461170
194088995
12189239
112337234
252146276
130485842
42924176
61486820
222462828
189567279
162490058
89346429
25842050
279022409
126203796
148556321
49532255
117394857
85724928
96947370
127741031
252705617
126659916
44394102
240074307
43539849
39479588
266608061
147216545
113020586
77292054
137682972
59939568
249197246
114827372
249309360
170306109
181053918
186364557
178071533
79550045
46711853
80553131
240792830
103442273
174792005
80553131
62126243
97668332
138137138
41053841
264347100
230502050
89346429
188195274
250401176
262941957
225932949
25842050
162885465
113156891
89723493
90257778
62344700
248317596
100709612
264443624
58200498
50077224
48549464
55646027
105004530
112914927
275460911
227391821
141624863
107106740
139689008
149073309
83129634
243193302
236814245
117420030
141042627
30734622
112240377
249718410
235752461
11149857
70822349
176663169
58900787
168111377
59716835
53516366
59178393
255831966
343692
14279940
162885465
85949360
147446099
162885465
207421649
85724928
141771078
252146276
139647158
262838195
166015556
59161356
249763013
167208462
249849053
199487961
192079538
249197246
148682484
226483172
245617362
194122250
44898182
44394102
215769762
179529470
64159731
222462828
51517871
132418755
136075626
31991571
132704325
96869826
275102487
43504379
221428737
62110701
132734411
72553436
148682484
263604483
40725459
82815714
269575937
26782523
9788490
53140239
51517871
174993669
112037724
185636456
113020586
116056106
77662944
93082878
161068122
182754773
84020454
8534979
204179723
216045558
194173974
12404753
71787275
234892539
163157822
275168870
143752733
250926930
44899019
168111377
170306109
192757400
136244546
169431290
179958483
214084628
17222588
109843812
172952433
101520080
117658907
49528565
203390937
175176755
237997412
173287899
213818435
249849053
18065636
44899019
79014483
220628996
97036100
111673835
126659916
27925685
236784149
32438393
204195122
205194078
253511117
279350622
140565788
160260939
28060938
268091783
91711728
37472435
248066549
18350639
245617362
17136783
188843760
281195279
253844810
144792836
67906440
196713251
139256739
69316074
244907991
46711853
110013902
225958634
96947370
69121250
26043596
129322503
60185438
121839245
47070243
255868289
94581279
198872469
59190588
36866564
55432674
115449183
57683636
45014786
151609167
185682743
36412559
24432588
255410154
810909
219181832
15697197
259776702
9380735
33365979
97992359
145272654
279022409
248847030
203943410
33659460
2474504
89268606
41599494
249890561
188527248
209516652
88468118
186364557
140098670
199569042
252275174
245617362
134989011
127502279
195477939
53516366
228981006
110958263
208201256
276994376
67730373
4985568
81712178
263559059
152355536
142773443
6016526
107066996
245617362
85207014
89213660
82925063
179529470
192079538
174993669
147496823
147446099
165697946
255410496
56453985
175176755
176522193
125836362
19930626
71374230
47865086
233134955
96947370
114203862
20994767
85949360
55898109
146578895
81428859
227391821
169431290
69862355
140732208
56453985
247424400
144987605
162490058
230246712
44899019
211642623
125697212
247691510
253844810
215162217
75639518
189775619
115463564
26536886
147563081
99771983
38393585
172582046
185636456
220628996
30432446
239199615
200179250
37628243
59716835
273719609
112240377
26536886
23235974
77662944
137866788
160338644
152051885
242749475
112337234
132734411
116102312
189567279
154673783
64288016
189775619
170306109
40325615
36233667
27872396
212317389
237997412
249849053
147563081
173287899
33856191
10786796
188005166
185636456
271148813
128615355
3610403
10645353
210845645
252401579
254323403
270324369
271785365
16449696
13033935
77813216
233193825
269575937
127264365
174792005
38380931
84711572
137682972
237997412
246810743
166111443
16853894
41053841
136521828
92349431
143230374
139647158
280642581
242764308
13965191
165018231
123171929
80088723
128061674
135092151
141804540
43504379
3547025
54102365
12189239
188023193
250926930
168346925
270584945
30436704
37628243
115774497
140732208
200359926
139317867
256464063
179529470
218066202
192310145
111673835
67622759
98892351
264525209
112914927
114690437
218170259
200942343
255831966
62128430
37246824
58659930
182754773
29529854
188565102
98892351
270324369
168212402
32438393
162678546
18662274
149536926
214898400
181053918
142524333
270518850
279639873
115463564
145177316
254323403
115449183
275229278
223558370
64288016
198957725
127741031
59220171
28685628
56453985
36646263
36866564
57162123
38252978
68611743
177380180
167035688
11149857
4985568
106662645
67730373
165502817
128061674
240792830
244431458
205848576
250926930
170264321
262941957
61076943
172250136
205848576
991034
99171008
26236250
149536926
127264365
225958634
198146133
191746881
44898182
115688447
72394316
275460911
120151826
13602536
73731186
183700196
119481435
11149857
168346925
27872396
128615355
255322233
65780298
79729874
51750207
77662944
107843373
120308552
254141469
71374230
206200358
37878506
6016526
220697316
3371841
117575055
247424400
215769762
59109507
89393499
19494161
98944397
162298206
186364557
116922392
254744504
139647158
2859786
61486820
143230374
116185868
198941624
170749107
134672067
60185438
11089781
163115937
207251441
141042627
259094087
49532255
59939568
48866193
227073302
112632246
165018231
270584945
15783984
73731186
128615481
5520914
174792005
73925523
161056169
253819331
77287220
269806652
155705012
164204999
203551866
272082374
172463634
245457062
273373380
59819841
182440502
72652373
27751536
175176755
239270274
5040593
123510339
100730978
190919348
11067669
134593586
147311963
118135016
264383883
264525209
228471192
62110701
85461047
4623624
175176755
81366597
256765743
229285935
72190701
144792836
176663169
143708894
96338402
101520080
170749107
61670862
163157822
72190701
74338343
185682743
190920977
242749475
229013666
163715084
189081944
167050439
27732474
149030252
204370920
125663507
268314066
117575055
105004530
147574854
116185868
75675212
135092151
54641015
53127612
24330681
166015556
177380180
191130003
125663507
35410698
62626643
259332182
67490001
70822349
18273906
215162217
2405034
246936707
116922392
113578686
274486932
97992126
250629461
201822246
205079967
64601117
44276093
237433157
275168870
149073309
59248881
200179250
89213660
104434046
210845645
9557856
10252223
139689008
72601604
88748109
93082878
91711728
240555806
119548205
45821735
190920977
250402896
175176755
89213660
280820763
110958263
141624863
88748109
92578994
236191625
56159901
200179250
2859786
210395654
26236250
258067125
277653303
235665710
182754773
114690437
54641015
144987605
88410951
117394857
188005166
30734622
59109507
170306109
269806652
252146276
81366597
184545306
40977837
66840984
225932949
68843843
156258369
90472401
250926930
76489946
53127612
106748613
49532255
123333506
33556779
2859786
209851919
64601117
44394102
4236542
26965557
163115937
165058136
252705617
4639580
194970699
62110701
72377883
54526797
150358670
72128745
149410988
65028455
249197246
46055834
26236250
160390853
242218052
169633934
14241311
89220716
113156891
77813216
240060518
68250690
48784383
75169530
200095290
31631678
212638454
142524333
242764308
135655146
163440044
177770636
189775619
197867412
245360474
81592478
204195122
41959467
134989011
147311963
190920977
160260272
209516652
214101216
89449208
262533095
51750207
59819841
217421594
140946669
181716345
37743191
191321207
54641015
11972826
203124051
116185868
58900787
58984344
256464063
193898583
255361086
116102312
12404753
86400252
98349066
8707815
62456679
61808202
152355536
18721304
73128914
163783152
143164097
141771078
84864033
242764308
62344700
179552853
155537271
5563836
10861560
166513257
179552853
68250690
234294857
141624863
249838595
116185868
145386189
114007931
215200881
225184167
131385158
107925695
161146682
64288016
112128372
71231615
60473160
117240164
112130342
168560720
77750190
68843843
195191423
186762428
119657070
40581602
261608426
269319204
14279940
89641529
227334437
203551866
160260939
229068648
64159731
251513135
195236901
190680390
188165078
135092151
5968007
97036100
235665710
48255380
196713251
191299338
204370920
249890561
158820407
51750207
269575937
59716835
100764665
85843008
84905037
145450682
258605270
161146682
195256017
2405034
62541503
147311963
37878506
158512049
270324369
88410951
85724928
134203689
25627446
13965191
9856502
167035688
55476846
65028455
182591972
64806560
186895143
67906440
274100327
131896880
216045558
253844810
135460206
190914669
128615481
176027175
44276093
82375479
189386721
44276093
83604375
254623940
188165078
45014786
247691510
82375479
89307449
279453968
218170259
59220171
220628996
61670862
38393585
135655146
141042627
5520914
85843008
135092151
53516366
160390853
88410951
6016526
147478940
160450002
92007135
10914318
245457062
181021724
236950685
112128372
158822495
18662274
72173817
105835094
244431458
2298285
144592181
55432674
245617362
47502441
163115937
132285429
194088995
262142982
243193302
235080459
65490147
8534979
193874310
216114075
163440044
129199842
24432588
143230374
168346925
90257778
117240164
5745663
168122357
140098670
160561466
25031394
199202192
32405795
218217483
216731447
240368552
48532526
3371841
242749475
179461170
188005166
39634478
88468118
131927463
53516366
75675212
4236542
236021597
10360016
172561032
203551866
19229021
119630457
205079967
6848504
230612418
100709612
195309117
155537271
200179250
183700196
111380318
57820643
30249108
64719261
255683087
194254469
188997984
195191423
246936707
193874310
180591857
88468118
202077764
182754773
221380218
19336211
128615355
214954047
10645353
64159731
193898583
12189239
185636456
185278806
64159731
120727710
112337234
195973658
182765961
143132516
95777855
140732208
65404070
132734411
140732208
275460911
180775358
45014786
96869826
260060355
48442265
43504379
255322233
179958483
265093929
94646159
100764665
130402187
140383448
44394102
143230374
179552853
220628996
81366597
44899019
86527107
62541503
121547088
185636456
75058785
86527107
55048949
163706166
260060355
246528314
52365392
198941624
227073302
131927463
165564189
259436573
151609167
37069839
13033935
2859786
116922392
207485720
160250228
1909170
277653303
194088995
166015556
48784383
130485842
132418755
228981006
81366597
55898109
203124051
15697197
66977270
115449183
229013666
53151219
153859428
74187485
10786796
44394102
258067125
223126191
10861560
197138051
222462828
108428390
100764665
96968483
108216098
115463564
241351902
195602121
244431458
72376658
50964884
250926930
62430831
164112228
2474504
16853894
90650547
26043596
55898109
19494161
151212536
81592478
141771078
92349431
61347410
55646027
124526988
182591972
280642581
127741031
158820407
273373380
43336827
254876490
213108012
44613441
134116974
37472435
2493144
280820763
58984344
54641015
188702469
209851919
19930626
271984022
138604815
189775619
61486820
276666389
144792836
261782351
65553255
30575061
97992126
259993962
256765743
48549464
141771078
43539849
107066996
92007135
121547088
107843373
17791497
228981006
188843760
262142982
59190588
100815768
18893888
81592478
67843287
235080459
100882683
16939044
72394316
81103868
97992126
154739079
263559059
236191625
51312932
189386721
81623168
7656471
248317596
27732474
136244546
220360293
113985135
131896880
15896303
177770636
87329709
167208462
96968483
137682972
31631678
132285429
152273861
249236262
247033512
264363165
65028455
148223961
100219850
259776702
44641332
213108012
19494161
3709313
92349431
214898400
208201256
165058136
234892539
112128372
210395654
80051039
246528314
212880698
120755826
60619068
68611743
149030252
124526988
26965557
79550045
143230374
150816356
47911446
263559059
271626948
204179723
140438600
10360016
71157968
130485842
248066549
15697197
155181752
75169530
17222588
18350639
172463634
10252223
154673783
185278806
250613145
263555486
198146133
31554359
262142982
184219218
144792836
7446240
54526797
81712178
31965894
269319204
261782351
269414801
181021724
246528314
65553255
176451876
34687197
225932949
40581602
64288016
82362896
68250690
252705617
5563836
270518850
36412559
17791497
131796927
2493144
98349066
75639518
212935373
237469553
177380180
192079538
182423762
34155828
177518609
230827212
33428465
120727710
192408542
215551440
163706166
255361086
221380218
250401176
85830110
32438393
280738791
82929329
128615481
172250136
25842050
168311915
190874510
172250136
190920977
221545142
29529854
111380318
34854335
12189239
249849053
202311666
275971824
215551440
215200881
46711853
138604815
110015811
130485842
245264255
244046843
65404070
246810743
1909170
188165078
214922133
207485720
61057826
148223961
24330681
250402896
269970128
145177316
123510339
84711572
61057826
200114847
54102365
30575061
140098670
166911632
37628243
8534979
72376658
33365979
134672067
227773377
200890295
85830110
99171008
97694531
22986512
236950685
134989011
239915807
279022409
75803633
189081944
4942187
75362337
220628996
153045224
93082878
165018231
263604483
19713627
255410154
0
90225585
4985568
27732474
243526049
14241311
180775358
200890295
29529854
199487961
228471192
81224486
255410154
172582046
195973658
66986252
196985511
68577867
247838481
17694369
227391821
158820407
41860197
212880698
203035373
259094087
179552853
162768870
45951299
215162217
192757400
95777855
44394102
82929329
56159901
54102365
259436573
204370920
193648302
14279940
93336425
50077224
78711066
163115937
118818423
81592478
185636456
3953259
30312143
58984344
186024806
102211334
162253053
146786139
59190588
85724928
87839549
17754462
155705012
152051885
177380180
254631248
183861315
99624707
242749475
269414801
270121526
244406358
209851919
67622759
77807835
224672372
196368291
249236262
22986512
136521828
147446099
19713627
154739079
261782351
48255380
246528314
89754506
252401579
59819841
77750190
78956451
254623940
8918523
184219218
81463986
124016679
216114075
228316302
178071533
206200358
41053841
44613441
135092151
39479588
67931225
257333409
79550045
110672631
107925695
112240377
43684604
77287220
147446099
21316436
114792065
157001660
162790163
259332182
266255657
95777855
219181832
273478517
277723359
69044814
59178393
123333506
93082878
225487295
275360102
83555981
274232655
163440044
240060518
264347100
249357708
215769762
21212514
136521828
64110069
77750190
178071533
57683636
44898182
100764665
162485207
128615355
267944651
136244546
97992126
61076943
112240377
102614507
18662274
55898109
186762428
30249108
167586381
191067849
261608426
275119208
245457062
82925063
199898657
31631678
195918885
192408542
92007135
144592181
278578745
116830800
246528314
279639873
269888363
193648302
0
132734411
252705617
272986874
239199615
122848785
19219932
117658907
114792065
137682972
75639518
269414801
103872617
270337824
117850014
244431458
12189239
156975740
155537271
86058855
33428465
279584126
24330681
8707815
55048949
123372513
228981006
68833601
259094087
91656881
225487295
176663169
89380656
112013001
274232655
74187485
43623278
50077224
218565963
216731447
221380218
47865086
259094087
116102312
9856502
195309117
179184861
89348643
4942187
192079538
255079817
145383299
8918523
264346478
128061674
174792005
245617362
256253400
267944651
255831966
112337234
193898583
78886484
33365979
8534979
28810620
259452180
94390973
237997412
57897441
3709313
175176755
104434046
272414583
61486820
22082274
129416769
156975740
262110851
31184261
41860197
212880698
154739079
10645353
147563081
48255380
72376658
276259751
74004587
97992359
103442273
28060938
86527107
205194078
48549464
89723493
168072291
66840984
255410154
19713627
200054142
249890561
162253053
18350639
9856502
163440044
168111377
258605270
19930626
40725459
248498559
98204624
264443624
222462828
147496823
265227452
73925523
149974686
176027175
78971481
44394102
9557856
81103868
92564576
229285935
133901046
98892351
256464063
124136352
12404753
221096726
199487961
259332182
67622759
97694531
11149857
276119811
248847030
135080937
37069839
167845427
172952433
233134955
181716345
19930626
89641529
12236076
54102365
2474504
186542811
178639758
140946669
252705617
259436573
213818435
160260272
195114005
215162217
194122250
114007931
141833502
116102312
236021597
89307449
24432588
153002700
120151826
260060355
100770489
38929590
118259126
175876083
112130342
240347447
143398107
89307449
66840984
125836362
60399657
162790163
212317389
204179723
264346478
253844810
262533095
147496823
70822349
150893477
196368291
32438393
251386578
193648302
214954047
221545142
183700196
185610555
120308552
255831966
84864033
145272654
225932949
165058136
156681513
11972826
214954047
190919348
195973658
84905037
200890295
90650547
236191625
137866788
105149627
154673783
262110851
191746881
223126191
230249484
227258478
161437499
267944651
112337234
143230374
215200881
84905037
236021597
11972826
36866564
39192453
168111377
145177316
89346429
179184861
89346429
119548205
68246072
99071523
143203032
261683567
259993962
252146276
186895143
163715084
1909170
203035373
79077510
195236901
255911948
119691243
231170481
59819841
86294186
163783152
131796927
264383883
179184861
242673128
43684604
114856875
31468176
41959467
12404753
264525209
253819331
130402187
143398107
19219932
81428859
239199615
124080245
79729874
69121250
72558206
236814245
103872617
203551866
135655146
255610620
60473160
186364557
62344700
251120853
212457662
167208462
209778983
128615355
264347100
59248881
40480776
82620161
112632246
84905037
51312932
218565963
116185868
164112228
179278956
62456679
15783984
162485207
21625820
115463564
214188200
140732208
56453985
120282741
84020454
203035373
0
166793544
274495329
47367602
71231615
112240377
177854741
21625820
119900340
146314718
230615045
190914669
11386431
198872469
79550045
231170481
82929329
3953259
5968007
43684604
220697316
33135327
249763013
103064166
143132516
262838195
255322233
50324202
128615355
3953259
63294408
164204999
163353536
253368044
102211334
64888893
92449205
214571816
226453257
20266371
168122357
77240700
146784627
249849053
272414583
182754773
88748109
200054142
191321207
244406358
230615045
269806652
250613145
263559059
62228394
197502992
277154009
113020586
31468176
84792555
44641332
19704852
166911632
147496823
81594441
209778983
21537026
107106740
106748613
148556321
280820763
191299338
223126191
255250143
127426122
172952433
176259186
1122731
154739079
90586691
204370920
135460206
224672372
256253400
190874510
25842050
147478940
72394316
150264666
104200253
27870290
48532526
185682743
249197246
168072291
150331436
188843760
91286981
72376658
44276093
270324369
107925695
72652373
90650547
117658907
66840984
248847030
147216545
185429367
34068456
67490001
76489946
138309137
236191625
130402187
205079967
60185438
275168870
156258369
253511117
62126243
81258552
144592181
237433157
110958263
221428737
66977270
167586381
143132516
242764308
130974713
19713627
153002700
75280850
149073309
269908694
20266371
246637250
168368787
255683087
140438600
87069987
116368749
131796927
158269472
252146276
230615045
140732208
216031689
108088848
36412559
134989011
216031689
219181832
269883872
201599900
130974713
200054142
41466734
99012798
127741031
143164097
59178393
22986512
259426341
32405795
147574854
61347410
26043596
112013001
120151826
209778983
28685628
140098670
250402896
131796927
18662274
168560720
195236901
250629461
253482489
203124051
59939568
55476846
150264666
12189239
183861315
151212536
78886484
69862355
81428859
106195265
124016679
179552853
24103187
275042789
3690143
181021724
170300502
43981496
59190588
241284482
144987605
16668315
214954047
45014786
276591924
148556321
233193825
178193853
162790163
203551866
179184861
240792830
44276093
113600313
269414801
67730373
58984344
20266371
89754506
223185032
157001660
97694531
132418755
3953259
212935373
229268079
97668332
256253400
155181752
18893888
167035688
60619068
34415783
207251441
133555607
259452180
275229278
246936707
268091783
34807761
8918523
100730978
8534979
183844340
114826698
134116974
236950685
0
279584126
33428465
250629461
9380735
81712178
255322233
59716835
144987605
96947370
67931225
26965557
67313475
181716345
25257825
94581279
274232655
55646027
15783984
65784410
199202192
117575055
256765743
242764308
33135327
242673128
252275174
218066202
33365979
215769762
274355460
63641304
212880698
124658252
114792065
77240700
66977270
110677832
124658252
247033512
278578745
238173057
70822349
249763013
255911948
235752461
48532526
186895143
204370920
27925685
281195279
247246289
131896880
145272654
97694531
19494161
45951299
190874510
85843008
262110851
230136543
270584945
32109687
117240164
111673835
54526797
123333506
73925523
242218052
61057826
15896303
121839245
105149627
147446099
256464063
119481435
31991571
6848504
112240377
112240377
193147154
214310024
2859786
180775358
175176755
264394835
65404070
40325615
239667506
165502817
63294408
209778983
140227209
185682743
277723359
252426410
97694531
279584126
72553436
98349066
182591972
181716345
28810620
10786796
25627446
249236262
275229278
17136783
33428465
177854741
166911632
17136783
229285935
99771983
192408542
4985568
13602536
173287899
195977483
108655037
30191184
134989011
99071523
262533095
120727710
136075626
16939044
145691486
14279940
263559059
98166033
89723493
40725459
249197246
100219850
106195265
265093929
212317389
11089781
119691243
49532255
30734622
273478517
149073309
31184261
150893477
111470660
62430831
30734622
162768870
192735575
48784383
191067849
21463019
248498559
8283717
222462828
160364484
208786787
59248881
60185438
81224486
135080937
55432674
214571816
98944397
139689008
142524333
271785365
194193522
166015556
141397550
127264365
55432674
157001660
11149857
152051885
71231615
98892351
89393499
252705617
29444948
106195265
22402512
198705626
10786796
255319848
141624863
162678546
118848905
266608061
247417992
125663507
59939568
197138051
254631248
100709612
75407741
89346429
241284482
157709690
255079817
18273906
126603881
124080245
259094087
37385073
116738127
34191710
123497955
124025705
179325935
137866788
75675212
169836831
226404684
30995378
77292054
56453985
150893477
120308552
35104013
246277817
88609302
256765743
132418755
55898109
28060938
195602121
226483172
141833502
16449696
188527248
43539849
98892351
92564576
95272964
163706166
60916607
198700262
249236262
59220171
280642581
86058855
115688447
107373519
38380931
179278956
170306109
275360102
137352339
261460349
203943410
84792555
216731447
12404753
172561032
241351902
130974426
39634478
140438600
277723359
19229021
86527107
31001247
131927463
9380735
149073309
48866193
69316074
265093929
182754773
168005133
178071533
25842050
215769762
125697212
1447703
195309117
41860197
153565677
166911632
141624863
160364484
158445810
92564576
71231615
77807835
217421594
128615481
100219850
270324369
251800533
4522725
147446099
263559059
222462828
261770057
226404684
4623624
95777855
167035688
100764665
125748386
226404684
247150907
259776702
146786139
125663507
34854335
143398107
1447703
43056954
127264365
161146682
110015811
226453257
77287220
170230986
140946669
254876490
132704325
121839245
139317867
56140074
86058855
152273861
8534979
192079538
77807835
259993962
207295074
47865086
227334437
188843760
18893888
120727710
20474693
170230986
11067669
168005133
160364484
149410988
184545306
246668751
104410349
270358055
40480776
124016679
6848504
212880698
193898583
167035688
166911632
184514292
32438393
269806652
13563612
237997412
247454018
165058136
173287899
161437499
150893477
162485207
242749475
264443624
84711572
156258369
28810620
262533095
246870927
168005133
63568160
18350639
16939044
128908673
106705637
87069987
261782351
92578994
248498559
97992126
38929590
38534579
161964224
195191423
25031394
212935373
90472401
11149857
119444706
72050246
37472435
25745813
237469553
42924176
199487961
31991571
196997210
85843008
170300502
183844340
13033935
82929329
16668315
123054650
87839549
225487295
154739079
27751536
32438393
24432588
127502279
195193719
192079538
238173057
276666389
36646263
69044814
249849053
77542893
85724928
269319204
253844810
225932949
132734411
116368749
37069839
10861560
177979868
249309360
13675104
86058855
43336827
248066549
250189829
114649064
165697946
81258552
7443693
19494161
228875643
50166287
132418755
41989158
175876083
198308672
202077764
200359926
133057890
11972826
75407741
246528314
56332728
248498559
87839549
169184592
90265581
991034
127426122
62508734
230136543
13563612
55335815
89213660
86294186
182440502
81594441
108428390
204179723
115449183
36796238
235752461
229013666
67313475
225958634
29444948
147496823
55995867
62110701
163706166
149974686
81487017
94390973
155705012
113251203
188005166
250926930
113251203
220823685
43623278
81623168
116922392
74004587
90257778
135080937
145386189
116056106
238173057
182311001
810909
226881872
160390853
50964884
70608032
250452071
150816356
249838595
244046843
225958634
215200881
265227452
65642516
73834767
122848785
99171008
266608061
34807761
195114005
15783984
152051885
228981006
266609862
150264666
273478517
192079538
111470660
141624863
113985135
280738791
139256739
31991571
34155828
115688447
69274782
125836362
72652373
152051885
250232021
264525209
31122117
198941624
229273920
255806334
125663507
3705362
167208462
19704852
98204624
119657070
72190701
273373380
218217483
92397284
163157822
156681513
55646027
176663169
230615045
115463564
220360293
135080937
163157822
158577426
188843760
268314066
41630886
39634478
230136543
85207014
120436344
168311915
183844340
75803633
123054650
43504379
153045224
8707815
30575061
98204624
60185438
210988772
4623624
220579524
40725459
54641015
48784383
259426341
177854741
269319204
92397284
148223961
153948465
160920783
196985511
21212514
236618225
260060355
17754462
176027175
60473160
191130003
116738127
273719609
63294408
100165787
280820763
167977647
11427363
244362338
4985568
160920783
65404070
46711853
147505338
145450682
253517364
4623624
23235974
180775358
169613891
61347410
262533095
142765901
28810620
255410154
269319204
163715084
130402187
72190701
114856875
74625362
50077224
163783152
162790163
89268606
209724281
22082274
268091783
71787275
172561032
172068713
41630886
79729874
72128745
216114075
92349431
162768870
64110069
244225386
106437978
250189829
190914669
12189239
117420030
2493144
132418755
32405795
131737041
220360293
20994767
107373519
135092151
166793544
61403751
12189239
244431458
236222810
113600313
130974426
80088723
218170259
84020454
17754462
211642623
266609862
185636456
30436704
240104052
25031394
264443624
246668751
58984344
193963139
41989158
114649064
81594441
137352339
230246712
253511117
205112934
16449696
63294408
22986512
20266371
135080937
81224486
273719609
125875745
3392505
103064166
72786005
64288016
197138051
226324422
43684604
105835094
254876490
255911948
225487295
136244546
200095290
33556779
188527248
272862008
278578745
266789087
147446099
106748613
195191423
180757944
72558206
147478940
277723359
159710679
252275174
85393260
125764667
26236250
203961834
146786139
131385158
32405795
120759858
153045224
19494161
199901070
10914318
130485842
22986512
154739079
203551866
33856191
77662944
46055834
133555607
277723359
89393499
127426122
220697316
235752461
90650547
86400252
127264365
92349431
215162217
254459790
205112934
44276093
239270274
55724786
250613145
54977318
192774573
55476846
169836831
99624707
143164097
18065636
56140074
147574854
41466734
84864033
186523452
24324965
276994376
119444706
254323403
4985568
120727710
100882683
69862355
277723359
73731186
90257778
113578686
152273861
176522193
139495689
122848785
111321710
75169530
40124960
177770636
250452071
182423762
235733156
250402896
105149627
15896303
135293120
105149627
155733840
240555806
195977483
235958867
96968483
280384281
9788490
179278956
41959467
161708813
147505338
202954877
103663404
183700196
254323403
279350622
192757400
200054142
144792836
134672067
164112228
95272964
30436704
102300408
5520914
275460911
266608061
65784410
5563836
23352840
117575055
162130634
240368552
134203689
47367602
781488
27870290
47367602
81712178
247417992
268363251
239270274
107066996
209516652
112320963
71231615
209633102
247033512
230827212
199202192
181021724
214084628
2405034
249890561
73731186
174993669
161146682
47578284
53140239
75639518
248847030
276994376
6565697
105004530
261608426
102614507
21537026
13602536
115774497
199569042
120282741
177854741
2493144
77750190
112320963
142524333
6848504
27751536
113578686
67622759
176658965
226453257
19713627
89213660
185682743
111470660
43056954
160364484
200942343
41599494
64110069
44641332
142524333
24432588
31991571
85393260
186895143
260758241
147216545
275229278
15896303
61486820
72377883
125836362
115774497
116830800
266377419
66986252
214954047
150264666
59248881
153859428
274232655
195977483
269575937
160390853
61195895
245617362
273050504
132704325
253517364
67622759
6848504
130402187
31184261
74338343
62456679
255361086
112337234
137086397
51517871
276361236
106546329
160338644
205937784
108655037
68843843
12236076
169836831
98892351
204370920
259993962
226483172
106195265
266608061
225158148
127741031
136075626
49532255
149410988
92007135
134116974
53140239
124914104
214898400
266789087
45341406
265227452
134593586
162485207
277154009
247150907
85207014
264443624
271867940
37069839
245617362
199898657
160260272
43336827
3690143
93082878
111673835
13311297
62228394
11386431
10252223
21463019
90472401
73128914
179325935
146784627
239915807
152355536
266990121
173247426
276361236
236986550
72786005
188165078
162678546
37057149
19336211
98278919
269319204
139317867
73834767
124016183
32518260
132704325
67730373
140732208
140098670
251800533
191321207
70608032
169633934
138137138
163440044
140383448
181708352
83604375
4623624
61195895
207421649
230246712
92096792
87329709
223126191
152273861
22453028
107106740
210395654
55450764
34807761
125663507
64719261
160338644
139768892
214571816
236950685
114649064
134672067
261355365
180775358
27872396
92397284
259776702
89380656
182237642
991034
134989011
155181752
117658907
166911632
153525042
65553255
41860197
230246712
89307449
92007135
143398107
45951299
69316074
255250143
60185438
139235139
193874310
105893990
188527248
249197246
180238814
240347447
150397928
260848349
195973658
105893990
236618225
158822495
13311297
167254839
88468118
26305865
130974426
179461170
214954047
214101216
11067669
41959467
93733037
261782351
139598577
79729874
176991723
57162123
108216098
168368787
123043482
27925685
113156891
10786796
244153268
166015556
220823685
209633102
248498559
53516366
162678546
105149627
241594632
244406358
179461170
182765961
226881872
39634478
280820763
169431290
41053841
135293120
107066996
167208462
221545142
228316302
163440044
196368291
29444948
113390819
143230374
64719261
104422257
250613145
119371625
82375479
147478940
201599900
153002700
97274573
77807835
89380656
195309117
247033512
105004530
85724928
229268079
196997210
93733037
255947264
142524333
59178393
60619068
61679960
38393585
30116304
66054555
39479588
90586691
244362338
99936477
13691763
65461311
781488
207485720
60399657
261109269
31468176
180642608
90616346
109843812
246936707
209724281
268363251
253482489
201822246
73731186
17150426
269575937
163783152
31184261
30995378
157001660
158512049
31122117
248317596
271867940
146578895
16939044
214922133
81103868
82929329
89268606
147311963
105893990
810909
260758241
177979868
100770489
269414801
255244823
248498559
86058855
274495329
260003735
128061674
57162123
160260272
184468581
151663995
66912912
247838481
90265581
53140239
192079538
254891961
50964884
169944101
31184261
207029861
150331436
113156891
181021724
269575937
98892351
67843287
214188200
236222810
61195895
20474693
216731447
199569042
47911446
141397550
230502050
181053918
200179250
41053841
117850014
41053841
124025705
99936477
179278956
16668315
266255657
242749475
227391821
83555981
149073309
43539849
201125447
147828807
193874310
140438600
257333409
22082274
141771078
186542811
131768387
202311666
104434046
103872617
212317389
104422257
4985568
266455790
195973658
24324965
38616273
266034717
216031689
220823685
26236250
168122357
266789087
226881872
205937784
115688447
44899019
195602121
214898400
204370920
8283717
39192453
275229278
154921067
159427035
2493144
195193719
98166033
260758241
169633934
33556779
35779428
119691243
45951299
146786139
79729874
99071523
145272654
228981006
72377883
3392505
132285429
226881872
192757400
149417954
65706560
185429367
781488
277723359
162768870
168111377
55898109
10914318
64110069
55724786
128615481
97036100
266455790
188005166
255030282
140098670
126659916
30249108
276591924
64159731
192774573
47070243
207029861
195114005
108088848
50166287
190914669
144592181
59819841
212935373
56898188
179325935
129416769
72553436
56332728
270358055
176027175
102300408
73925523
83604375
248066549
158445810
263559059
273478517
212317389
195477939
112013001
119630457
185278806
275337918
214658820
213010496
88748109
158822495
278529281
204725123
205194078
147216545
84711572
230615045
210988772
152051885
222284195
235752461
258067125
79014483
19336211
109532520
226453257
130974713
162666017
255319848
13602536
110435804
60185438
229899591
277723359
223185032
275042789
259784649
163440044
36087840
120436344
116738127
138309137
90586691
34807761
163706166
197892413
165018231
86342408
56140074
249890561
162130634
181021724
246392298
77292054
112914927
54641015
39479588
177854741
74004587
21316436
250232021
65553255
221781869
98204624
275119208
267246441
83229939
16853894
168346925
279350622
228981006
108421227
123171929
233134955
249197246
189207693
9380735
134672067
262941957
246668751
255683087
163353536
38252978
104422257
18065636
87839549
139256739
137352339
244153268
59109507
248847030
103663404
39634478
247424400
101520080
180775358
129355379
3953259
81446805
251200079
86527107
103064166
55048949
75803633
275337918
16449696
90650547
257333409
108655037
240060518
114827372
265383378
100882683
271352420
68250690
49528565
280738791
81905786
207295074
90257778
225158148
167845427
55048949
115463564
214898400
234294857
96947370
97168032
280738791
199487961
41989158
20474693
72173817
199487961
22402512
214084628
181021724
85207014
19494161
38929590
49528565
74625362
61347410
158935860
176663169
93768408
210988772
214091604
62456679
199901070
89723493
58659930
176991723
61679960
59939568
270358055
37743191
86058855
100219850
203390937
113020586
140565788
193874310
271984022
261028494
90225585
144039663
192136941
119548205
117394857
209851919
209724281
31554359
229013666
273478517
2405034
143164097
195602121
231170481
234289196
254141469
37472435
156681513
164567916
41860197
239428394
239428394
126203796
198243333
42674877
271352420
5968007
44276093
58984344
254141469
167050439
188997984
44276093
161056169
39192453
242140229
233757728
140438600
19930626
174993669
275360102
72050246
4623624
106546329
8534979
85375844
31756329
193529681
256253400
135092151
136244546
125916912
234289196
62541503
27925685
220823685
67906440
55724786
170300502
10252223
240701364
90265581
130485842
43972434
244406358
117658907
51198597
88410951
195193719
157248782
247882590
233757728
131385158
87069987
205194078
183700196
200731130
78956451
203035373
247454018
178193853
116830800
200731130
6848504
1014533
121547088
113600313
268363251
5968007
19229021
148223961
65028455
77807835
240701364
100764665
249532326
246936707
233922528
249197246
41860197
163706166
202077764
79729874
27751536
177380180
66977270
222462828
191746881
76663980
247454018
273719609
140098670
242764308
71157968
198813428
65780298
23352840
253482489
275119208
77672123
245287322
145177316
102773907
112632246
254623940
57162753
81905786
259436573
242749475
226453257
212880698
19713627
126674603
181021724
249718410
234892539
279639873
204603767
40682727
60916607
186542811
31122117
15896303
159200018
160390853
109532520
165018231
129355379
48442265
48549464
188702469
264383883
235665710
57162753
150331436
253482489
149974686
95777855
95272964
270518850
138309137
279350622
195918885
198872469
146786139
198941624
269806652
188527248
110049777
241594632
220360293
81487017
63641304
11067669
54977318
116738127
155537271
174792005
40325615
240060518
140565788
140227209
94646159
34155828
131768387
37069839
48023612
179958483
69862355
190914669
112130342
253511117
129322503
230136543
8283717
253482489
143752733
181708352
61057826
116603451
155733840
275102487
225184167
47911446
16973729
52235001
230361075
46055834
97992359
117850014
57820643
30191184
1909170
194122250
65553255
102614507
249197246
166037174
104410349
247577769
212554161
49714803
159711929
147478940
43149527
163353536
214084628
81366597
236784149
238173057
111321710
265093929
202311666
181381643
125697212
166513257
220766714
9788490
31468176
130402187
92564576
233458542
245144348
80553131
23235974
168792326
56332728
55476846
51198597
247317182
180238814
240104052
267944651
280417122
166037174
106705637
224334900
163115937
255831966
271352420
156700728
168792326
147311963
224672372
236191625
44319554
178071533
143708894
119371625
200359926
37057149
130402187
165058136
31001247
276119811
256583781
138309137
77542893
160920783
90586691
238173057
39479588
162666017
131385158
204370920
72553436
207295074
129874023
191130003
81712178
5563836
99936477
242673128
259776702
235665710
113600313
97694531
174560598
89346429
127264365
196368291
30312143
237469553
250452071
125748386
254744504
126659916
35106443
13311297
163706166
197502992
135092151
188565102
196576245
210845645
1909170
144592181
5563836
66986252
268091783
184468581
154673783
92449205
91656881
49532255
15697197
133057890
90586691
263559059
205079967
200942343
92007135
280738791
221987169
82925063
184468581
166347063
40831839
187596792
188997984
105379857
781488
265383378
276591924
147311963
81623168
184219218
30249108
74625362
3324221
224672372
55898109
255683087
124526988
107410112
73925523
249236262
72558206
236986550
147446099
59248881
128615355
279584126
270584945
60473160
12404753
41630886
280384281
234294857
14234066
261770057
31184261
5968007
210849318
25031394
106195265
223680752
205232499
246810743
25627446
113600313
114649064
133004177
65393837
178214705
86058855
23352840
123497955
140732208
264383883
79550045
176796351
242140229
40725459
258067125
116185868
216114075
33556779
183144033
89584694
114690437
67931225
255806334
260848349
31001247
271867940
173247426
89641529
62430831
269862803
124526988
163855295
132734411
157709690
202081977
65490147
161646381
65490147
170157555
268363251
128874879
94751091
226404684
10360016
119444706
2859786
239667506
168072291
83555981
80221338
28685628
158822495
85461047
38252978
255361086
92397284
61679960
122362299
83604375
165018231
228981006
81623168
252275174
70822349
97544978
50964884
186542811
192310145
97668332
255322233
177770636
156975740
194088995
27872396
169184592
100730978
85949360
92578994
124688178
65780298
53140239
250452071
208541618
21316436
75675212
218038679
120151826
205232499
104434046
231690915
210988772
134672067
141427430
7656471
94751091
146786139
246668751
17150426
159427035
74256975
275337918
162768870
3705362
182440502
209724281
69201530
224672372
2298285
18350639
119657070
250926930
46055834
52235001
266120135
230692302
243193302
271984022
63488799
112128372
75169530
270337824
44276093
48784383
144792836
65461311
51475535
153859428
270358055
15697197
255868289
248968160
82815714
218038679
141042627
123043482
105379857
127741031
189836559
276361236
80051039
83129634
131927463
247577769
139495689
168212402
112604940
266608061
89680446
48532526
120308552
189567279
261355365
45951299
31991571
275460911
241594632
190914669
29729259
40480776
274232655
90586691
220697316
114792065
124080245
183144033
7446240
264803444
204370920
241351902
141427430
262941957
191235617
223680752
133901046
275971824
62228394
94545764
154673783
26043596
269806652
173214935
189207693
190919348
65461311
214898400
207090
199202192
160920783
6848504
265093929
166111443
89754506
125764667
194970699
14279940
225131651
65404070
162298206
100165787
138604815
84020454
229285935
256253400
196576245
273478517
61808202
69859412
279639873
192310145
40977837
194254469
18065636
216114075
140227209
119630457
213010496
214188200
32405795
113600313
48532526
200095290
65784410
237469553
119371625
212880698
60619068
40325615
82362896
215808956
73925523
165018231
18065636
140227209
272414583
140946669
59939568
110435804
37069839
125697212
69274782
186364557
64888893
73128914
2298285
15896303
37069839
120282741
8283717
36087840
92578994
25745813
149536926
144039663
254876490
231313517
42924176
1447703
229268079
161056169
31991571
57683636
78711066
55995867
245617362
122957442
173808333
202954877
275042789
160260939
86294186
37057149
68573196
179529470
257524263
97036100
65784410
189386721
33135327
208541618
131927463
161146682
184468581
63488799
55450764
62430831
228316302
56453985
270518850
113752476
95777855
78842087
195309117
36646263
92578994
235958867
249309360
244362338
185646492
51312932
21467664
276361236
179892081
212554161
172068713
179461170
271785365
11427363
102300408
190062360
276994376
47070243
55450764
49528565
206819531
85949360
259436573
209516652
16449696
168072291
82756133
230136543
252426410
69862355
42924176
194254469
241634745
60126570
162130634
10360016
139598577
250613145
192959837
223518203
191514780
31554359
85830110
269806652
260003735
55476846
27732474
112604940
168240905
42924176
3392505
179278956
38393585
88468118
276591924
38769633
147505338
99071523
154921067
127741031
191514780
71787275
145450682
53140239
77542893
193147154
193529681
221380218
122957442
32405795
69121250
182440502
201599900
178214705
59248881
269888363
146314718
190874510
183844340
84864033
67843287
182423762
252146276
67843287
82815714
114827372
280678689
65706560
269862803
119371625
59220171
241284482
117420030
114856875
242749475
242787923
152051885
63575135
35061101
229268079
218565963
275460911
29529854
275226273
196985511
266034717
225131651
231690915
202793363
272082374
34368506
202077764
89584694
244997864
132704325
182440502
189567279
78394860
26043596
140612876
259452180
148682484
10360016
2859786
82815714
145450682
145177316
232359443
2859786
233596619
70608032
10360016
111673835
146786139
12236076
28685628
244225386
249838595
100764665
13602536
280738791
99771983
110435804
241351902
97992359
78956451
247766004
143398107
194193522
114827372
227773377
216031689
165154742
92564576
214898400
141804540
158172722
17136783
201599900
244362338
31001247
35410698
251120853
120727710
231313517
31290408
28685628
39821714
177854741
181053918
202311666
143203032
82815714
89348643
43623278
49714803
128102391
84905037
110435804
146314718
36412559
85949360
195973658
117394857
27870290
250463601
54526797
82577564
253517364
62456679
132734411
235752461
90225585
214379927
102773907
38769633
227334437
158129081
53326313
69859412
170300502
275360102
93082878
242749475
81594441
161056169
176259186
230246712
244046843
270584945
60399657
89220716
145177316
145450682
172561032
275229278
118818423
212457662
90265203
228649193
165154742
120657726
28490183
274250582
64288016
217483730
30116304
255868289
276666389
252287720
3953259
157001660
97992126
31122117
137086397
229268079
162485207
161056169
252146276
213584733
248111009
57897441
228875643
154673783
173247426
279639873
89307449
186364557
89348643
251386578
161287650
236814245
3324221
259122915
222284195
143230374
38769633
132285429
158512049
278955746
153948465
150358670
153002700
122362299
23352840
262838195
115774497
10154052
158129081
241384841
211642623
56222487
266789087
220360293
61486820
249236262
255947264
183861315
24727094
113848722
108655037
248111009
212317389
179278956
116335476
29729259
72128745
267803523
35779428
185452011
91656881
256464063
158445810
221545142
120282741
278529281
44319554
151663995
278955746
184545306
80724285
87558435
104422257
161995337
99936477
64719261
266034717
60619068
169431290
182311001
155181752
54641015
69316074
280179116
152899623
195602121
198813428
128908673
196576245
92397284
143230374
139240448
88451513
222462828
148556321
256464063
142524333
86058855
166911632
78842087
262533095
239199615
176027175
264394835
160260272
142765901
61679960
110677832
162666017
114203862
36796238
88748109
143342108
277653303
182523762
80553131
54153900
81446805
153596700
271148813
113600313
233922528
79077510
236986550
112037724
207029861
227258478
85830110
41959467
62344700
37385073
78394860
80221338
190920977
37057149
10115765
248066549
59248881
161068122
143581428
188702469
241284482
253758492
64159731
106195265
106662645
82925063
257333409
215808956
189567279
225958634
47502441
55432674
41466734
53151219
139970510
89398880
191746881
275165127
56332728
158822495
26536886
56222487
103872617
65398634
31184261
5563836
255610620
121547088
233757728
65404070
93082878
63575135
230692302
182423762
87839549
183861315
170749107
117394857
54102365
5968007
57674069
71231615
113600313
157248782
188005166
181021724
186762428
246820572
253957734
218066202
72553436
178639758
256765743
60126570
66977270
10645353
130250033
189386721
229805298
188565102
69859412
185636456
268578440
92564576
192735575
139317867
98892351
14279940
62456679
236618225
100501469
154034154
273719609
123510339
261608426
51750207
43336827
195309117
37744605
138040110
13691763
254623940
140565788
2474504
122362299
117850014
226483172
228471192
168792326
134116974
129239892
191321207
55646027
2474504
108428390
14279940
72173817
92865807
91711728
64159731
123043482
217442295
43684604
192774573
16939044
240104052
48549464
233458542
124025705
112130342
17694369
197502992
193529681
102300408
161964224
105004530
198705626
155705012
177384492
40831839
208786787
82815714
39775139
21316436
116922392
140612876
249532326
229919093
220628996
133569459
100654650
222462828
228316302
77662944
146314718
139256739
40581602
267246441
161708813
111321710
44319554
147446099
43149527
188165078
9023778
170749107
37472435
131768387
190874510
245360474
44394102
89348643
205937784
172582046
140227209
161932014
88451513
77287220
163715084
255322233
68577867
114792065
127557945
120151826
92349431
176259186
269908694
133569459
43504379
280642581
151663995
180757944
221545142
88748109
22986512
92241494
188565102
248498559
276591924
168560720
89846451
234464912
106662645
32187681
244907991
186024806
131385158
248066549
161646381
160260272
272986874
63794313
152355536
113390819
32109687
241384841
257333409
19336211
119899863
178639758
72190701
273478517
137352339
92241494
78886484
261857870
1122731
106970346
108655037
8283717
127741031
43149527
110677832
230136543
49528565
252985976
158935860
152491112
244907991
75675212
264363165
71231615
262838195
246936707
210845645
128045709
152273861
255319848
72376658
230136543
268681832
139598577
274355460
160920783
49929786
1122731
124658252
86058855
132418755
128102391
65398634
40124205
64719261
30293351
201125447
24967385
240116192
252287720
55088838
244039644
185278806
180238814
153859428
236618225
52461449
149974686
99012798
261109269
82756133
59178393
189975104
135221345
276259751
77241284
209724281
117389097
72190701
153859428
275360102
57683636
65490147
277723359
126674603
250463601
251800533
102300408
243296316
65642516
276259751
23352840
140383448
77750190
72553436
172432295
39634478
156975740
105149627
14370804
18964808
28810620
129416769
106705637
255410154
275168870
205937784
128045709
17754462
172582046
188843760
101520080
115774497
167035688
269575937
203024187
263588561
125764667
179138600
83555981
125916912
62110701
54641015
272318211
231234552
168072291
82362896
168072291
28490183
280179116
114007931
58659930
68611743
200731130
266255657
126659916
44613441
129355379
15896303
125697212
173214935
56140074
19219932
37744605
271748952
6212978
174792005
11105955
19229021
198308672
75675212
220870035
162790163
24727094
257524263
203551866
37246824
220697316
19229021
246277817
198957725
125916912
62344700
198700262
279584126
188165078
991034
244153268
1909170
192136941
69859412
82224828
49978692
214188200
221781869
266034717
278722565
49714803
179958483
111690836
268044075
144039663
184219218
236924865
215162217
77662944
143752733
98776412
228875643
278717759
255250143
66662090
247691510
255410154
239915807
169184592
165697946
111321710
112270229
191130003
97668332
44319554
185907870
207485720
6967098
163783152
124016679
4522725
30292550
45341406
208158227
1456442
57674069
200890295
99624707
181021724
115688447
273373380
100730978
10154052
106922475
49978692
19091249
280384281
255610620
276259751
232742447
188565102
26419068
23420214
139647158
260060355
158935860
18065636
223518203
114827372
214091604
165058136
214310024
72786005
256583781
179477883
102300408
155733840
48255380
120151826
26536886
260848349
260060355
180757944
64141577
179892081
124914104
131927463
87653654
261109269
177979868
172561032
62430831
13033935
215200881
59439438
5745663
31965894
251200079
194088995
40574942
92007135
4236542
114856875
110049777
253758492
266789087
273373380
9898821
245997198
104434046
184514292
235665710
105543296
240555806
161932014
198243333
247882590
43684604
90888858
176451876
155733840
277723359
67313475
265093929
167050439
186895143
120436344
92748006
55335815
13033935
61347410
62501922
218038679
22302180
254459790
110958263
200179250
280689038
181021724
46055834
100258659
40124205
190644246
271984022
161995337
145691486
3705362
158935860
65784410
263559059
114856875
112270229
235665710
136244546
64141577
26782523
134116974
130486464
89584694
16939044
246637250
236021597
237997412
89220716
22302180
145383299
102295206
30734622
26305865
37385073
207295074
83129634
75362337
57683636
45341406
30575061
164567916
50964884
48549464
146314718
151931115
239199615
124080245
146578895
179184861
269888363
200890295
168072291
143342108
194193522
191321207
124526988
214379927
33556779
177518609
214922133
10252223
40682727
152398557
56159901
84864033
196505063
251513135
33428465
88817165
160250228
102211334
28810620
206819531
205937784
222462828
245636622
97274573
70608032
239270274
38380931
171961649
253368044
240347447
253844810
106748613
177770636
39479588
215551440
168485498
36796238
156258369
266990121
161056169
195977483
255321440
175831605
90612648
2621330
103245362
194173974
154700217
43684604
256253400
195602121
128908673
77241284
34807761
90257778
991034
177854741
51750207
215889237
178639758
48349440
106437978
181053918
267944651
264363165
234294857
55629540
197162721
13675104
244225386
188036252
34155828
248709888
159427035
230615045
34155828
54641015
59178393
247417992
247033512
152899623
77672123
98096633
94390973
200978595
187596792
277154009
253368044
268558911
216114075
82091483
33135327
213584733
123510339
273478517
100219850
30575061
257333409
68611743
33856191
79729874
100764665
124097399
124136352
15783984
54855305
120308552
216031689
119444706
81487017
12695615
192407597
62508734
136075626
190920977
155705012
265697199
77542893
236197548
17791497
254141469
221545142
75169530
110677832
224334900
280689038
218170259
14241311
71231615
224780507
164204999
163115937
205232499
228232413
77813216
1456442
259452180
123510339
114827372
98092862
154034154
5520914
110015811
35378099
253482489
258067125
36233667
208250901
14241311
245924307
220823685
167254839
143164097
279833543
104520951
68573196
205745048
43056954
61486820
87839549
112337234
147446099
89408843
38728242
166911632
105543296
85657562
138351213
141820820
204179723
49532255
187012160
75058785
131768387
162630989
47865086
176259186
117389097
1122731
242673128
67931225
18893888
5968007
153596700
125916912
226881872
29529854
205079967
132985511
168368787
195191423
149974686
213067538
79014483
129199842
179552853
75407741
105379857
173247426
55476846
49528565
279453968
168368787
53326313
48256389
80221338
261109269
12695615
36419319
79256843
218078937
47502441
180775358
161036468
145272654
165502817
194922180
3392505
190920977
111321710
13033935
241765046
224672372
89380656
55450764
9898821
221796369
266377419
35779428
236191625
239667506
128102391
140911209
146784627
170950157
221380218
208515284
44319554
172099161
29444948
105469911
209832029
24324965
183537836
243022104
215162217
112013001
236924865
92790458
25031394
256638014
33816014
105893990
191870739
97081776
160561466
55335815
233325189
113156891
21537026
202311666
107373519
187012160
126603881
110061891
140710625
60126570
195973658
27732474
55724786
234464912
10914318
199234044
73623627
249876008
58200498
257597531
203943410
41989158
247691510
192136941
33365979
247033512
53516366
12998466
170416044
168485498
246668751
235076615
269319204
117850014
279350622
146784627
61730864
16100793
228232413
234294857
53127612
259122915
43135739
255610620
157248782
196368291
27732474
208515284
72786005
172432295
136521828
212450570
268558911
16973729
221914133
275337918
14241311
112037724
266608061
65553255
106540748
166347063
61403751
195702309
153525042
120759858
62128430
175318758
110941928
50166287
253511117
103245362
85949360
154034154
127264365
102295206
127659941
92023415
135083582
249849053
201005801
98289468
224334900
174442086
135460206
151663995
215889237
11149857
55629540
199901070
255250143
241384841
84711572
162666017
140732208
75803633
56453985
114856875
86527107
202767830
53127612
122957442
59220171
110061891
135092151
31965894
110677832
110004093
24432588
193963139
216176373
29729259
215551440
238173057
179958483
160201025
57162123
67313475
60502787
65642516
185907870
139495689
101647539
158628150
259712541
255831966
154739079
152355536
173352357
218217483
113390819
199202192
76454973
40977837
31290408
76454973
22082274
75803633
151663995
128061674
112914927
192136941
71157968
220697316
161056169
177518609
74256975
195702309
90616346
159958899
214658820
209516652
30116304
124016183
30575061
195236901
209633102
67931225
181898819
14241311
135454266
12404753
174792005
281124864
240104052
42140997
91609893
32518260
114856875
188925894
198243333
190644246
169431290
73925523
45388889
189467739
261028494
85461047
114827372
103064166
37834209
230692302
92865807
223126191
37246824
202407453
229068648
271352420
254256624
248968160
155181752
272318211
64159731
256464063
126203796
265697199
246637250
148682484
149043141
94581279
224672372
62413073
41923610
162666017
4733864
207251441
189207693
135460206
209851919
30312143
4733864
64888893
81224486
91570616
32187681
138040110
69201530
191445120
50166287
30292550
194922180
207485720
271748952
157031801
176522193
103442273
26305865
52564211
13023846
75154464
246820572
3663990
115540551
106546329
6967098
45859382
241351902
6848504
255321440
271352420
198813428
248498559
270247878
64480797
26043596
48023612
228981006
43504379
61195895
29444948
105887610
16973729
781488
256583781
70608032
182311001
177992909
156284856
168072291
143533079
35106443
194254469
204179723
59109507
249838595
97081776
136244546
159859080
226453257
200890295
86342408
24432588
133901046
132704325
167050439
277723359
43623278
192135365
37628243
62456679
125663507
204179723
205848576
231313517
258067125
209832029
163115937
225958634
72577953
25257825
20474693
75169530
194254469
166513257
15154676
31756329
52990226
255322233
209516652
141189884
121547088
140565788
102300408
198243333
72577953
43684604
243193302
133569459
116368749
160260272
17026947
94751091
65404070
165154742
225958634
188036252
44394102
42674877
115197606
220404986
245902284
19324322
210170321
250133093
210845645
236986550
165777615
86033078
89380656
165483612
87069987
237828113
242787923
253482489
114792065
12189239
5824808
202793363
113020586
185646492
81594441
143851607
112130342
16853894
25031394
246810743
61730864
258692751
179278956
270518850
132523730
103663404
246528314
55450764
245997198
50077224
177380180
77672123
198517869
30432446
15154676
54153900
181021724
246277817
94581279
6212978
80124975
105974208
229686704
162768870
99936477
221096726
124097399
88559414
179325935
211642623
236191625
77240700
17754462
96869826
207251441
2771225
245590226
242764308
150245873
30995378
191445120
200179250
99936477
89346429
116603451
147828807
242398125
35693099
248268033
138040110
196367885
160260272
34899930
214658820
127502279
234622700
163706166
147478940
270247878
221428737
155705012
75280850
113390819
81592478
254914775
24103187
218217483
38728242
250189829
81487017
247317182
229805298
62626643
207421649
29529854
146578895
168122357
193874310
205848576
166713147
61808202
261782351
76672584
80051039
205112934
180591857
266377419
111776885
240701364
82815714
30734622
86527107
10570509
131385158
167035688
37744605
189207693
195309117
124025705
38380931
275042789
90265581
182403909
191130003
51750207
274495329
38616273
103872617
7656471
110960081
131927463
61076943
61347410
190680390
209778983
1851201
232742447
236924865
13311297
36646263
172250136
117420030
188565102
231690915
152276237
208352259
13311297
234113814
42140997
131768387
85955697
254459790
270151605
216176373
30995378
214954047
160260272
179477883
145383299
242392788
160276158
47911446
50148962
191299338
229068648
62626643
89307449
212152391
124080245
256464063
17173584
212152391
64888893
270518850
271867940
110960081
99725139
127557945
192408542
65398634
65393837
34601534
94581279
37834209
118259126
126603881
100764665
155518587
182754773
138040110
234113814
144792836
166513257
84711572
151609167
108428390
261489132
201190427
162530793
3610403
140710625
235752461
229686704
57897441
85007223
190644246
23576409
11105955
114649064
43539849
268578440
73834767
158798826
147563081
139240448
220628996
255250143
254876490
140612876
168111377
261782351
196713251
92449205
34415783
221781869
103663404
167254839
143533079
126674603
181660455
204603767
100770489
44394102
24432588
49307156
112782455
198517869
156975740
52564211
72173817
202767830
86001164
122662215
117658907
120759858
196505063
80724285
193729860
249309360
31897692
98289468
230287688
38662227
277653303
83924550
18893888
107373519
193648302
67490001
90288558
34807761
195114005
91609893
220870035
141820820
110435804
210395654
15132707
191067849
237506364
98605935
94581279
199527119
8156088
166111443
43972434
276119811
218170259
232742447
115506873
90472401
57820643
111321710
214658820
96061365
249718410
130486464
162345357
91656881
49528565
254914775
109843812
261028494
180115163
116056106
32405795
259993962
173247426
250133093
115035038
99936477
57820643
214922133
73891836
251120853
71484983
72577953
39936959
151383122
197846505
147569301
71787275
62541503
147496823
64546604
89213660
160561466
38769633
227391821
97887860
155181752
162630989
248317596
44899019
268681832
165154742
233342397
27870290
233596619
141427430
128874879
167050439
167208462
55898109
48532526
146984076
102988791
134593586
198517869
209633102
32187681
37834209
103054509
188005166
95777855
215551440
168311915
164112228
41630886
189567279
214645455
223034345
244831446
59939568
249197246
184514292
165154742
58900787
99936477
28752111
129322503
60674678
188565102
80088723
83229939
199569042
35410698
236950685
103595147
256638014
192136941
221297372
23433308
165282002
280877282
268432478
35410698
62110701
52990226
103663404
197502992
82665108
177854741
85949360
163591901
89348643
39775139
269575937
127015677
157248782
26043596
173808333
63431460
17026947
30312143
50077224
271547703
249532326
179477883
99071523
49929786
274780926
112128372
112914927
159427035
43149527
247766004
104422257
85949360
39936959
274486932
174792005
245360474
135092151
140732208
159200018
20035943
268578440
57162123
245287322
84766770
154700217
169184592
280820763
101687408
65398634
136966760
220579524
27870290
6626862
78394860
123497955
16853894
73834767
269862803
124590239
210170321
97992126
200731130
182237642
92397284
95094063
120587246
101520080
186364557
231313517
40581602
160561466
26965557
60104654
138751523
240116192
152398557
54282474
247691510
229686704
263588561
65642516
26236250
122214059
275264811
81487017
135454266
227334437
156258369
62739990
276994376
111721130
130743647
162485207
27213975
60473160
224672372
42140997
187596792
188165078
262414314
27213975
187012160
248498559
123054650
103565070
279148166
269148302
278955746
78817230
195309117
255468302
153045224
175446287
246637250
180115163
4985568
136818026
166713147
133901046
39936959
178000011
150893477
31965894
65398634
195114005
31786227
70822349
34495749
58125824
215769762
5040593
100934316
2474504
125748386
269148302
80088723
179043237
29444948
266608061
63828386
261489132
279490158
62228394
133239680
125691083
203035373
119899863
56222487
195702309
226404684
87591941
257597531
84020454
264308129
37628243
233134955
138159179
143203032
66548105
82038842
15896303
245636622
86964039
19289906
236021597
141042627
276666389
239807042
192757400
143845748
201822246
129355379
140087078
40581602
214310024
55432674
25867269
251800533
266420681
240370371
27512253
223034345
147730518
4733864
193529681
63568160
144360791
44899019
113156891
215473193
277265241
137250936
128615355
245590226
200054142
19930626
221987169
213990119
12423797
203639327
45341406
247691510
177384492
237388589
197162721
100040147
202767830
52729829
64999908
175080707
117575055
155733840
226966454
176658965
55048949
269161515
81446805
221428737
18518849
165750317
75188969
218066202
36419319
68573196
249910694
199901070
218565963
32518260
92748006
175831605
161720054
173214935
160364484
231170481
32109687
27872396
217209194
37385073
35061101
139707233
44641332
227073302
120100977
230612418
196985511
223251813
279350622
280179116
56140074
92790458
43504379
147563081
159004539
37834209
80221338
19494161
249849053
20135016
81463986
185278806
149536926
23168394
135221345
145272654
83229939
188702469
255947264
139501547
143221455
11404575
45014786
276361236
219896414
155834937
143221455
276591924
62739990
222284195
192735575
99936477
89754506
7428537
160450002
256794030
281124864
30436704
46026837
42699051
243119016
280104453
253957734
59161356
275042789
44613441
269042813
59220171
214922133
143434575
176522193
274100327
222862509
157031801
151212536
109843812
82925063
153525042
253415312
121547088
164204999
251089956
140313239
33556779
184514292
0
57220668
249890561
230502050
54153900
33894251
177770636
124658252
10154052
245924307
65461311
54153900
169879671
17449668
167208462
266169735
106970346
136565964
198112068
55380356
141427430
174792005
255868289
112655501
52042761
141397550
3705362
23235974
243296316
255831966
161563995
82950147
35095085
126674603
105887610
139240448
188925894
134989011
187711478
11089781
47070243
119630457
177215831
167208462
38728242
155834937
120349331
179667594
74338343
177215831
131796927
164204999
167846625
119900340
117389097
139235139
63575135
159859080
17136783
120587246
189081944
100934316
4733864
60104654
246820572
247317182
195114005
40977837
144923399
188195274
85271508
26969301
67424174
410066
215473193
195256017
89220716
163678221
150377534
235327922
82815714
64404359
255831966
252705617
187420121
34854335
118450736
47911446
276259751
213798014
147470013
35061101
185452011
89393499
144923399
255321440
3663990
216176373
185610555
7879869
99725139
153551366
182440502
75820211
212317389
152051885
108421227
267832656
260924570
195918885
272318211
247882590
88817165
100654650
37654631
241284482
122214059
55048949
107373519
150397928
31939965
168485498
267185186
6626862
272414583
5578047
269414801
160171721
251543402
153002700
208201256
120100977
166037174
212935373
84905037
166513257
246936707
164112228
133388594
106540748
245924307
192407597
28752111
30191184
17874071
212317389
245902284
4818654
203210820
92268278
160493463
248968160
89846451
87558435
71589861
120308552
76044824
149073309
223251813
100882683
119173860
152276237
159859080
90257778
162874539
98892351
127264365
122957442
17694369
132285429
138351213
102300408
143637479
186542811
194385302
128061674
248492123
60939585
72190701
35693099
39229973
152276237
92241494
58984344
266455790
111673835
72558206
157248782
110013902
129199842
175890788
265785434
191235617
210845645
220360293
178000011
182591972
189787176
239807042
163157822
49714803
49307156
157803938
191130003
173835647
217442295
171520550
56102057
87558435
68577867
149320241
43981496
253758492
189305460
17392689
246528314
188328455
37744605
157248782
104434046
273719609
123372513
103128803
261028494
48256389
31290408
55629540
40028660
232376031
137250936
171207008
140732208
77807835
109532520
61184456
221790374
193529681
64404359
124239806
205848576
33291801
123171929
146314718
144039663
56332728
236784149
83260502
276274178
37834209
42140997
59915070
17791497
28503251
22774923
128261123
251870633
237388589
43623278
136565964
223526195
30995378
261857870
245360474
160201025
244742903
118450736
69201530
43629164
219698055
120100977
31965894
80724285
205079967
184480209
197892413
272278322
138751523
64546604
74256975
75169530
230246712
65404070
83221919
104394546
61730864
166513257
243574145
29529854
192757400
180115163
177384492
810909
277154009
143851607
229285935
72173817
68123592
182294180
61195895
62456679
102773907
184389282
5745663
111374927
239199615
72173817
57674069
276274178
260848349
169633934
27512253
180242622
28810620
82835603
218038679
194254469
248498559
2010762
20731419
92096792
227853944
6099498
162790163
35095085
182294180
231447645
226453257
95883092
279833543
245450447
122662215
40028660
145435724
63575135
153596700
136588652
141422615
4667327
105976592
20012076
103025565
38380931
223293654
155733840
88410951
264074552
170437112
28503251
62413073
281124864
110013902
36087840
165697946
179461170
92241494
20584422
150264666
130053635
239270274
168311915
202793363
125096427
154921067
168212402
243628208
78782715
251311185
242749475
20236977
105143021
151663995
119900340
195477939
18033380
184662099
112136571
223034345
179529470
126203796
150245873
45821735
143065746
75803633
255250143
141140511
213762536
231313517
243933111
161964224
51517871
6512930
50544414
72558206
206004069
144201914
742617
218078937
48284495
103851791
162345357
254914775
55450764
141804540
161489916
65228931
137866788
136075914
55646027
239915807
128615481
40672377
281198772
107410112
144923399
108655037
175876083
89846451
279350622
163678221
53924400
52892090
100040147
98299457
273893778
131448842
199996767
188843760
228232413
145704203
80611595
261028494
220826358
13015745
217268585
24442839
221297372
139501547
32974991
35410698
71251677
208250901
276119811
92268278
64288016
268091783
31939965
160390853
96092720
241594632
87609707
115197606
220628996
244406358
268044075
237433904
153764261
151212536
209851919
115035038
174138939
132704325
192407597
161824140
249532326
52892090
161824140
172561032
255030282
182065473
105133041
243465552
176658965
240555806
65345769
51650019
58269968
275119208
150264666
3709313
194385302
145272654
96947370
201822246
161563995
255361086
140911209
84766770
219181832
147478940
98299827
179138600
266169735
104358707
37069839
123412410
128153097
97250633
941661
242736273
161691362
20236977
245450447
200179250
182419029
8038052
176725385
270247878
264346478
161824140
33738056
245144348
272329893
110677832
243296316
231179337
4667327
225184167
182765961
140565788
253511117
195621237
188148636
96228188
150816356
176608197
93336425
208038824
274232655
19504242
168005133
45115407
66548105
195011145
180642608
21316436
186182100
218924567
214310024
167844240
167977647
226672911
48586472
55432674
198813428
38252978
235873871
188702469
17449668
67906440
171482786
265676913
250189829
13622085
144268577
176991723
173352357
268404210
277653303
55280304
150816356
74004587
59900688
247916484
35378099
113752476
40672377
47439549
93202028
186182100
110891754
40725459
88686063
227853944
137310362
44637623
246528314
33856191
137025206
256955832
40713929
83677220
265423581
126659916
109798236
139768892
100219850
119251160
112778586
139768892
38638574
79488836
223680752
65502873
25031394
236814245
100132488
147747717
89723493
272550716
30116304
240368552
126603881
112130342
230361075
259993962
160450002
166347063
219417812
160704108
267803523
175750901
121839245
275698179
128045709
275971824
162790163
91818081
249096168
142434144
41923610
46013634
238991418
184219218
275229278
2010762
270146331
227208680
230030432
68838300
130467905
96947370
86001164
179461170
196121835
278675324
57897441
125882027
201315474
24944471
81463986
248966163
9856502
9380735
98983196
82191698
141427430
212152391
150358670
113561504
43623278
164941920
189775619
25267869
228678588
79163162
48282093
167254839
214101216
185646492
57199706
418185
90405351
226324422
59190588
40682727
259198299
255361086
9042489
106705637
42924176
91818081
65228931
77292054
179759240
57985767
13033935
54977318
224672372
176212808
48784383
74256975
128365794
110435804
56820312
264506607
45686223
57294621
59819841
192959837
45859382
275360102
130053635
203121774
249763013
238927302
275226273
74971664
102614507
222462828
272414583
106662645
169809156
150893477
116056106
45821735
127741031
217297565
195973658
7749612
249876008
75675212
105143021
108421227
176796351
276710471
254323403
129199842
63042434
93202028
106540748
31001247
210961251
201561624
25141004
103245362
179540711
109934045
36233667
113638554
221987169
13267385
234218573
230784120
48156633
181873170
199996767
188165078
107106740
47816495
249876008
17694369
151475507
194927292
167586381
38662227
117850014
194312726
224674389
241195023
85724928
163673568
135293120
91570616
254459790
151160553
277318602
162666017
24159240
50148962
127502279
112632246
117965943
4822290
165154742
192985685
208174976
80416782
162298206
29464254
264851343
157574259
27082367
43955873
86058855
17874071
220229118
1014533
37216638
259332182
57314807
78782715
189832418
132285429
20837277
160329779
99171008
182523762
60939585
225050462
25331390
112914927
122708132
63431460
123613946
263046329
66977270
244020716
251840339
273719609
129317589
152355536
183619061
168240905
59915070
109821195
45951299
209778983
160704108
107165861
20584422
172582046
233757728
150524280
113207418
46010880
33738056
274100327
4331745
106504919
68062896
275337918
130467905
173491181
126203796
233759564
33612876
276994376
132418755
198222138
195702309
156759641
234618138
127078740
135911015
94751091
31897692
130745952
280689038
50296104
246820572
216031689
57010374
10914318
1577853
31991571
70608032
15132707
180685997
3882537
97388513
115688447
80416782
261608426
194385302
69219098
162630989
163706166
87591941
275168870
200095290
123613946
22152339
252878840
214672437
134064467
103177367
158750487
197810909
67336766
181357002
214091604
93336425
131768387
255610620
235430936
152764253
87609707
127600118
263955014
166397408
99153900
82950147
64806560
71157968
29729259
251136224
73561500
100709612
30595697
182762874
105887610
143750060
77240700
150524280
175059126
151467236
165605292
10040166
64110069
41959467
243368514
149675220
43504937
86527107
250280766
54977318
57683636
222560810
182124063
32187681
166621833
138036788
32435351
198067229
251152272
159200018
132418755
254256624
3406607
245144348
245590226
109216926
84358052
116417411
261430092
2331332
179461170
123888455
197859375
223034345
5578047
254914775
149364809
163913742
106195265
227853944
88263684
216968003
205194078
213798014
70741016
77807835
95980950
129239892
24324965
264525209
152899623
267862707
66955527
229899591
20289582
176663169
71173341
36233667
39821714
15132707
275168870
275897133
119914695
254876490
158160311
274351049
68212781
217280205
54209231
92506355
140565788
35095085
118045548
49528565
33428465
20266371
44951255
93541167
23924538
99966654
82848770
207421649
125836362
220766714
118135016
195336189
16893450
102211334
168751755
151160939
7242894
173491181
101947346
174439907
263555486
117420030
153139986
92096792
115197606
80611595
57790692
95522085
236110256
254249639
54286857
251703900
266108174
167050439
193709727
207404370
260003736
265093929
277318602
11627532
190644246
64404359
208389150
201032063
50256224
150812216
146314718
96581862
225045656
104520951
143581428
164032254
119377305
430703
102048884
51048755
106441992
95094063
203717160
56222487
8640162
134593586
235665710
264900311
205789779
278332794
26782523
181357002
199898657
80221338
89393499
217442295
40749344
50992658
259549829
275360102
268689933
263430693
137866788
259198299
108061308
163037880
279639873
62456679
37286279
278188973
131433902
13053366
45341406
199286703
71251677
6759053
88282781
281122496
133442685
139241925
136519766
96807771
83604375
41053841
170990487
211623399
18350639
251136224
153747998
57683636
249633476
62691336
175119164
272386790
99039861
234622700
265736700
22405787
198941624
181248147
185054715
100854728
125242020
250232021
36646263
265676913
71895042
22402512
42450876
140227209
251185256
249877844
57951206
151805403
110958263
274084478
277154009
120727710
95832585
66851360
63462942
120345731
51615656
265365710
177549048
165422610
225158148
228232413
151006076
6967098
23924538
182591972
66764447
258325892
146914866
44995571
250133093
3728907
177179103
23576409
62470673
43623278
73231362
66118608
160338644
188036252
33282566
29444948
6212978
99153900
146946077
272032605
12718962
128261123
106437978
119630457
278937729
162310850
127264365
214200153
41841224
40713929
13045176
143662436
15044445
83833605
147847661
88750457
261684485
116933471
200731130
40124205
3360339
140772843
95980950
49173947
212638454
148556321
112778586
208740051
75769532
80611595
85907763
157151277
43684604
78165323
96526043
215927172
165422610
195193719
162885465
4818654
182797749
90612648
134593586
195336189
137795229
99954440
146784627
70081793
31284873
175272488
34899930
169792964
27993563
139357637
212450570
197529579
33365979
1025180
159269426
71136692
85427387
230827212
44647992
88847342
99893168
51650019
220404986
105917247
21212361
239885721
69682626
13023846
32974991
74752262
207295074
57207906
27579167
115295597
58468895
117872226
6738236
211534812
182829005
265883561
143065746
203508764
119785499
70417224
183186863
262886013
219946275
136705869
198058679
221545142
261293030
17120240
82222721
171084051
258767334
150934095
47750697
20786408
215399205
98289468
96411249
119519703
206577395
254827007
85197564
233596619
131227217
17150426
162142982
127566989
179872577
271939121
228071987
58398831
142919586
203639327
158819291
97388783
69904529
231617627
109343160
215473193
170660312
208248524
151755273
173063483
67344011
146201913
90186075
148901948
12424211
242472329
81587411
79318503
75820211
114159384
120615920
41518133
35509014
251271936
135009305
123037487
147064761
112055795
213458714
270865547
60396425
139024764
159722936
66595679
225268172
235356498
760842
102719177
191986082
117781533
160260272
233118234
121856319
82815714
173835647
16521650
154097252
225988533
5969997
112888350
142541972
123372513
269359901
135635238
11820789
278814680
47815992
132491474
188359587
252099602
164836385
102316167
180408158
176003613
257380748
243221705
70969301
121348025
132186041
219520044
52511481
40917104
57582224
111120390
202610736
11430360
114027227
212880356
83747807
