49064696
25638392
89136003
77508980
68222252
43497696
3953334
26110161
66026531
25472436
75470703
104950427
63295452
73651940
60422
23547909
47136342
76175417
12487332
28085244
65606475
37995243
7547364
44200562
36169319
21308561
58002054
59998224
107637683
7615674
101785133
16784096
68846183
30141143
9623888
4522154
107804036
54922922
80232966
94637400
35631254
70693952
23276484
103492323
9130340
41133147
45566531
87897578
86828115
66777777
22323048
32682011
32414316
23211935
47244384
106202216
58642484
98882288
48979721
46398198
109828091
7777803
109274813
78952731
84451784
48991305
78177362
116676119
66847802
50312591
36088305
113260982
97651785
43160303
6786284
83341070
63086661
21763566
81412914
55888238
58198899
46373381
26429667
73295903
7464468
86470427
42647154
84039186
50712288
87162075
16952562
13113803
12203268
7012994
94484411
14460468
77545841
81590354
47761824
5958942
33392138
103358838
58748051
106461465
42248118
112589664
58642847
77670416
24430296
93318720
83563227
48092615
115335164
70592477
17986748
96586743
22555367
13618638
50770335
108541091
52983678
32682011
99118734
74343423
42134499
34390620
12319461
35368179
41171757
37525685
86784852
48991305
35525160
72356229
18176631
47068460
85391921
105969963
61651622
23420496
4522154
58275491
64721249
85718159
86537945
116071889
112948274
96778802
29881500
4707021
28659147
71442558
31563146
66573671
21658922
64723526
68351877
16295861
94476491
49788057
81532737
107317913
56618495
71484896
100408835
16239530
65525328
1073919
27977498
115961439
114551183
111229337
23420496
94105373
92703534
57830850
62801706
72894920
98773553
83563227
9130340
51146634
41691638
88325292
60981755
33930995
70793745
11894190
32257037
107258810
44341274
70332239
29495565
103249740
39980390
6930693
99239811
108495485
616704
107936235
25776696
100105004
30602022
7621350
23608430
111475353
99747284
54200057
79016091
7464468
72924786
20745746
98100849
50886528
50044004
5918220
112886630
60165039
101889611
95156589
106665041
38716127
103734345
73078599
108051339
2607329
30362672
10249701
33302445
36088305
72169944
45205841
101124572
110968143
11031669
115108058
20773334
41691077
45939134
108310916
80354306
96948984
46631343
100734512
105520833
23268464
101373690
4490012
38725500
86448186
35403555
82719713
69405930
67833183
97651785
45953391
102398834
3246275
71296466
30994325
117739512
62631788
83526333
81463997
25439832
103155624
76167267
76016456
114551183
99093852
99239811
32257037
12310353
88825935
35857206
5958942
87897578
51774590
70735367
87897578
73544888
77059851
67367817
30745208
107336690
56231901
7370813
68097216
43503306
67378641
17379350
23995652
86448186
76017150
29638091
101004486
43043055
59258660
104770347
24405710
109435128
14201286
96139494
11856932
58275491
115682819
101373690
107305901
44282634
94528137
111475353
21724493
108953855
84068358
21289322
6561984
43878548
109182941
66186813
17164487
11258511
50792741
108051339
11467862
48025922
56718519
1080783
79726119
307527
68904990
113125089
62341620
106217661
69401442
50037998
28994063
19512107
74884953
9261548
83495576
7615674
28475634
25340567
36827207
99647625
70793745
55753565
10249701
21521742
104357318
103555814
77047872
78978075
65344818
101023955
68625876
14460468
96163583
111073083
72894920
88717035
88043108
67295085
86343773
108051339
71296466
37110645
56805737
67084182
66725571
66202686
85947146
117760730
11371998
33275154
117115845
109550793
50723045
69947031
117051000
68222252
39371342
47615007
93964760
94829063
83341070
81857391
21618497
90418283
81412914
87988691
57952389
71102327
14201286
37209479
26221337
111038004
82719713
7547364
17270649
97278489
74445096
64166717
112948274
115434758
64620962
71582807
41250099
93940373
97729170
28730525
115418786
92575295
73621284
70926503
21855668
85718159
93441051
8052924
98773553
42093644
17969094
54978264
107146577
60700958
53912991
7592673
117402285
77508980
23668292
72384774
117345954
91696142
33863214
116676119
112365956
46423839
57736370
34226279
65840840
57867876
111637646
76909206
26110161
85585697
113125089
1495395
110511291
25307139
68904990
15214353
33217206
48979787
98948322
87985952
44481228
112589664
76175417
16239530
105969963
31709996
78161094
92558664
81023316
102346992
109321442
15943124
56718519
34215455
98087781
111555146
18176367
9427506
102707121
35104443
850310
99725834
98070324
116676119
5124900
46676619
116104263
94484411
13113803
10454136
1693460
115580486
113578970
51376149
102737612
67591127
50615961
69576704
6012369
85700868
54996017
77528418
33866184
51431819
21984567
8213733
39426783
81465978
37525685
88698356
68889744
99724284
39528785
87762741
77438624
21289322
82766441
14072750
48469575
68947625
71296466
43803771
65510808
117115845
55063931
106217661
1113155
60125768
71804568
9920460
104216144
85539960
104118695
57548963
48619395
94480584
9427506
48525246
19369019
66534765
44840631
115639490
4522154
64116854
68904990
89120031
108099452
106212843
72924786
21234246
43476476
76621841
30799263
110083247
115907054
116761226
0
32884731
11894190
116614178
70054412
51631866
115194783
12557457
32060952
43607321
99647625
11219174
59373467
50312591
578787
86307936
105568319
113024406
100408835
104343854
55510455
12143438
2195985
75273329
68947625
80687607
36396953
78978075
106217661
40391768
110280456
75335535
91782867
102793185
111326258
33863214
8497632
96579284
105440675
68023098
31198727
42248118
62584367
50576954
103989764
86343773
20601768
65535063
30211697
5124900
91324694
38742230
39578352
40595576
112336652
41407739
103652241
21763566
67587069
32312708
104776880
71582807
43414799
52006911
106665041
48733112
67692437
41691638
59028717
100271820
77516109
89398187
9368567
31542027
89957867
105520833
51724596
102846776
38534661
67276539
107563830
5175357
86219231
72384774
60354162
19605861
46859009
32789295
110083247
71681379
115225835
91696142
50088059
30799263
15326123
18432249
97932614
60563150
57641033
36027188
104440841
5205287
93872393
31542027
6070910
107443511
24272918
37110645
99380258
66412334
53505177
10726947
97734615
18190227
109733052
21926684
89398187
108988506
290135
21308561
48330447
46326093
94194705
113834853
32901396
58198899
40674281
58198899
17986748
11406516
68434278
108237261
87632886
36463217
111133902
113974508
50025525
100271820
92781018
104770347
8595476
59373467
68675970
68023098
2416589
7547364
15635961
117058260
18176367
616704
62270438
32789295
18352092
76398464
47187887
77369126
15118421
68042369
74213436
47461557
29363895
53322423
307527
70735367
106212843
55027499
35964192
81465978
76398464
97897998
115336155
67937561
98836517
29434317
19029053
11724272
105604983
71023689
78730673
73934420
26699706
53471880
57977501
75393417
17164487
114803964
117595302
87632886
99118734
65578755
30611690
12080672
3045240
102007124
2682504
82153335
112665233
77233101
100252382
16353842
45205841
35349039
94756166
94194705
18505970
102793185
44025992
34637129
39041606
20250086
112595835
83410370
30630501
26098611
49174620
59823620
85947146
48636456
5879444
34226279
59998224
29375015
20851115
101120019
9623888
48733112
30709898
850310
22842863
68222252
61651622
84549134
37394510
79916364
43497696
86219231
39064476
77550000
48803567
21658922
21887612
38664252
117345954
94581068
46398198
107005271
3393456
804473
92781018
50619030
41372397
88325292
64033200
33798236
4522154
101687949
55753565
79758590
110098230
94829063
66814176
47341503
25263149
40175949
112595835
30255752
12893924
23792241
19508840
88698356
57270476
11080014
4707021
115217817
41407739
52932099
114502278
69947031
36170705
54256454
35626799
4152125
38610164
107908251
43497696
73908252
7020915
33088505
62470781
107361111
110245079
95566712
20601768
86343773
51110531
34412333
51110531
307527
32683100
25804349
33088505
61738049
49456208
66777777
2689434
116814884
86588502
115434758
76016456
44519871
57548963
77665433
20601768
116049878
72894920
91782867
47761824
15551118
43503306
19822967
97372539
7370813
57496361
80618801
20552070
53319551
116265566
93872393
2035835
109777140
111914154
109619762
50905041
36396953
45637812
30948488
57106698
1255418
49331106
72599735
19800264
922844
108151295
60700958
114285071
109251054
32451968
58263710
13493832
99101210
65654820
8617091
97608554
115194783
110403909
49393542
101761968
4930793
50775218
80243888
517176
38543043
103717482
97955583
53708885
57863091
91265427
78734106
69356495
36396953
99322476
46012526
111628010
30994325
17210952
61097784
83132576
10353056
4307687
270039
106461465
94111214
48387173
55705221
39371342
21618497
34683528
63022145
37209479
26952486
1636601
30630501
90123165
11219174
93631659
99269709
47103210
3246275
5265116
88540551
60211932
8595476
32312708
52052120
67008644
65535063
22042647
106687448
116481716
51272297
98773553
37110645
27042542
78177362
82149474
21984567
82121918
37474964
74973326
24775475
50781257
96579284
289673
49553690
18359814
51388721
5958942
51634440
48025494
104357318
83636322
111038004
98585453
10316591
24437061
100893144
67841036
62666669
2425434
109274813
77192808
103717482
74915279
68625876
104356725
113969690
115217817
95845530
74884953
30897866
77685894
34591424
28343138
114850196
110968143
24272819
50576954
37094903
25498109
43472120
10788360
616704
43930820
48387173
65654820
91231074
99576542
47143338
71232908
87222531
76970552
75227360
36205917
79726119
77047872
49331106
23570910
6147305
95306144
69182652
15042356
71797373
23867447
110689854
9072293
112948274
78658470
32698908
34225421
66810315
73050284
107175155
24437061
29342279
95310302
59796824
37525685
78647481
66525491
6786284
85278071
26151906
114407897
101004486
31797909
19672850
66847802
517176
11030612
78734106
55993740
53319815
96188796
44734898
24960804
46521090
13798058
66814176
38534661
5124900
3082233
97722438
65535063
72894920
31039734
64723526
75759618
92092473
95310302
61244072
97775732
12142713
44401863
28187214
13337610
84216065
67937561
13064799
63700790
2425434
42264683
19605861
71582807
114756212
37811169
44081796
11978043
32901396
22281797
38445891
81941244
91347596
98100849
38031576
104955906
51774590
11030612
78177362
115108058
36169319
25213979
116676119
58572194
22805673
77106744
36951551
78161094
40595576
39126648
13166274
1693460
73656990
95281493
25001690
12203268
85947146
39426584
105512319
9130340
19413669
18262067
97941953
18176631
102438864
98282085
78694176
117595302
67841036
4347320
12688301
101124572
69742727
55356741
16668365
107939732
109251054
19040570
76909206
74343423
8213733
52804455
116474688
63540048
7464468
116882435
94581068
116614178
88014398
35626799
115806668
23121284
81171981
44362098
23608430
11467862
3817869
58559918
86537945
53360801
52715454
93160650
43311543
106711836
95598558
90071255
68847800
76106910
51603683
94642680
6089984
8973822
57115542
46171422
35964192
51211248
94756166
82354898
82864452
76227756
60927206
26018354
117253422
93411186
93433262
8651874
114850196
90071255
11467862
70332239
67367817
12284151
18359814
69194928
86470427
64008813
39708602
66216777
14197523
98948322
55945064
65525328
101373690
517176
67841036
70528260
66070388
85215009
57115542
69576704
41789186
37811169
8302635
27228332
50007539
97278489
114486371
35631254
72792885
48788157
34846449
37566936
98223047
83372553
54251141
80232966
84200357
65759594
9368039
25646147
50886528
106177104
94642680
32312708
93318720
43160303
850310
15118421
113969690
35631254
50570487
41985933
113834853
82891379
43472120
89906586
115580486
78161094
51378920
11030612
106177104
59051552
17312195
108388070
76970552
82013778
105989070
115418786
77867657
104516775
96579284
92313209
41691077
96163583
94194705
60928229
79740342
60927206
33630101
3817869
68177273
34356827
72924786
73050284
17750039
2689434
77508980
116611440
108237261
104534331
22555367
59823620
62456063
33028809
67126026
31542027
25712445
79704108
20106174
34226279
27301032
57867876
63085143
2600631
113578970
19412744
55891703
55036146
116761226
83203758
40730052
114963749
7837764
22082840
115005363
79637250
10971609
78915441
83958105
88325292
58179626
53912991
48772878
14790929
114756212
33315941
47833962
47103210
67841036
51378920
68892747
34225421
64076595
114217752
43503306
66026531
27042542
99057518
79016091
95400953
87988691
100387452
116534550
804473
93483653
93917702
57830850
9473969
52120827
88083831
41985933
69910203
46476770
16952562
81767466
109251054
14335167
26578958
105252246
81463997
18617214
72914885
93940373
34670856
26896319
51388721
16165875
57488342
18352092
19605828
24522927
61527708
74916137
115682819
35368179
19189268
5539347
3393456
81941244
54690965
78647481
89612687
48789477
106876044
102793185
21046113
111038004
100252382
116155908
19189268
28160715
44341274
113643288
7046753
78427074
61553019
45874322
32683100
93964760
85391921
108486377
86640543
49322525
39596534
77653719
66545028
91593050
99747284
26290571
68434278
31699899
78379554
26818010
12992726
77233101
66478698
54941205
76016456
43846340
30848367
104679332
81941244
60211932
7069259
106311182
80096939
53322423
44579304
93441051
100106588
44401863
4451667
8973822
10353056
63437517
36169319
29865956
34698344
41845451
50905041
51629885
99725834
67692437
33302445
26429667
3640131
47103210
12893924
34683528
111555146
37388438
30813486
104516775
14150796
104483379
12492611
20865108
97347492
76318010
30799263
89971299
72894920
57077823
13417503
54996017
84451784
105250299
20301962
97582517
16821717
51724596
84451784
57115542
25812104
85149735
21289322
116676119
22014135
58642847
75470703
66412334
46165118
2195985
71484896
37021940
106202216
47064567
85113270
82075949
99747284
67692437
77136146
92683734
73872182
105203274
99703526
37094903
77213234
99187406
68426688
86588502
16908671
42754701
13316391
71582807
61411118
50035259
57496361
62801706
67084182
7269834
55945064
105031376
107305901
103446914
48535245
47143338
11227358
44481228
96455931
6598019
100074942
3491994
66026531
68783550
41133147
53726277
69003857
54721392
115682819
73295903
64180280
21724493
6561984
107456052
27453921
18505970
38610164
99187406
117228374
25263149
104319600
3743058
51629885
25340567
101712402
17438322
101094213
11983718
70777970
86067398
108988506
96579284
25712445
34444079
89136003
32520081
107772654
100360688
113969690
113141720
103206509
22323048
105155952
65690757
67367817
27228332
24388583
100565850
46521090
77047872
24775475
56262888
43160303
50265764
63022145
73094868
100106588
96428508
115335164
69134934
116104263
52847883
44549307
69401442
12946626
44410806
80215212
98282085
31407254
35472954
102037748
70054412
77525448
39853638
57763133
15535311
65278652
14659491
66832953
2021646
57830850
14072750
32788668
117809669
76621049
39578352
19029053
51634440
84706874
66548459
38178327
115005363
99791867
11371998
81171981
20576588
92552691
68574164
82877817
64033200
69081308
64008813
90903317
53430233
107936235
72720978
111236532
39371342
49174620
81907385
35403555
65578755
1973861
35857206
20884544
25307139
72169944
22109240
72720978
30327330
54329318
32151900
100160312
75038501
28475634
115233063
55418483
111566630
94484411
109251054
78427074
102398834
100577466
50576954
56805737
27395378
103019465
98100849
104216144
59446992
38035998
50615961
12203268
64397519
46398198
116092580
36378209
31699899
1322342
12390477
109132979
84388556
15194156
74885777
2094311
111457302
103249740
66777777
105252246
77059851
44250294
111628010
101150940
52804455
19605828
32769923
6930693
103936536
67301289
6388833
116556626
102725666
102398834
46942368
31498268
112638174
117651237
92414355
99576542
60006837
48653418
74973326
52052120
27601529
51146634
56262888
46171422
44908017
88517945
104483379
110382491
537932
33275154
99591921
54258929
67301289
50576954
81400341
116328993
102007124
75360713
8512911
15745091
44282634
13011107
15208941
76106910
64828433
105520833
53368029
45963290
23607308
15547289
77949629
58745477
98882288
27333602
56674595
84200357
5175357
24960804
17122611
89398187
87848277
30611690
81857391
98070324
103624421
22375353
46942368
105528785
67575189
54329318
103222416
47761824
70122888
18494222
9427506
109274813
53430233
25307139
327524
47064567
35756886
101825460
101115531
54200057
28622484
40261583
78604185
104770347
54256454
96665283
5556672
116475479
2825625
72660093
15219830
114573261
13449380
7370813
105033654
32414316
47472216
87162075
113834853
43731798
33217206
109862709
550439
57548963
46165118
10157103
4421109
39480308
42728399
54258929
25131612
22042647
73707876
32901396
77213234
80570357
50775218
15916032
42134499
79714371
8684972
35105829
52006911
19906590
28024128
31226250
62631788
8872841
26290571
83132576
14561216
77496242
5674251
105203274
54667931
99703526
97932614
77700942
105353654
18352092
78532245
11202938
104534331
28671192
45332562
31699899
14122382
7370813
13391994
46504523
112365956
39109917
18884316
1255418
14197523
109036355
52020375
89407856
52018890
83462345
31407254
89971299
104516775
65485629
60446561
102346992
19965066
105548850
68426688
73544888
11352957
76108956
82354898
69864927
27042542
70434870
53095052
15806405
20550782
19605828
102488793
44579304
1073919
48548411
50691630
58137189
105882842
25150752
85975823
28187214
87817323
71781864
117051000
61244072
67126026
73651940
56674595
34930004
110382491
98383526
116819834
40898186
38035998
48772878
77464397
55891703
88586751
86080467
67301289
103019465
111545444
76621841
57037101
4706789
15806405
5239839
35964192
100252382
48619395
71442558
85437198
22570118
9330320
64723526
2021646
47136342
60211932
941523
112638174
94628358
77949629
43213731
85833891
84549134
41015337
18762480
57548963
47136342
115977345
109777140
116001039
10249701
18505970
19408257
40812947
117632295
46307448
20529531
15293817
97436261
108226700
69473381
103018145
87817323
61303704
45075954
107936235
109550793
10222904
78734106
43878548
114551183
39853638
57115542
114161949
38725500
759593
41295770
115225835
15806405
115682819
2607329
2784903
95310302
28343138
97463651
97651785
57830850
48535245
15916032
96948984
804473
13051203
76925970
6579044
81857391
10454136
5253665
35105829
72358175
10353056
66725571
47445353
21289322
4685933
1113155
47143338
117253422
61629249
50781257
116224416
93467352
100087415
23843424
97860113
37251917
43045431
47103210
76623096
4183013
94484411
104776880
68892747
4490012
70506282
15943124
43579436
109777140
8822187
102398834
39587064
1612017
52907051
102793185
75038501
98673398
10316591
87601008
29315451
96814476
76318010
49433339
51774590
28132797
76378730
4224924
58482831
11963556
109733052
81590354
2784903
27083528
58159232
15905339
42248118
16952562
81275667
24035550
97700129
81532737
84339650
76627880
83237682
99475628
103475492
108171095
16849469
31797909
804473
105353654
113974508
37599737
58062212
10820039
102638876
116975793
104216144
116475479
99704285
46250852
83861052
110626032
51089015
113156834
110309792
2416589
50775218
27359441
111968901
46106445
73329266
99057518
11985038
88083831
92666837
5674251
33630101
84732647
72237065
47577288
72792885
81889071
16668365
8124896
82464491
117733077
65528562
27083528
11213961
49222107
77545841
49902599
39555284
15133238
96665283
73908252
30211697
54503426
56674595
15753902
66960728
6766848
106217661
18450465
86470427
93441051
50775218
92907738
59618888
25812104
87895103
95263475
69592248
31372340
46373381
27904337
33942150
89722247
75702593
111442814
95575820
57815537
49390737
36353955
50007539
30909285
85149735
29688186
116056347
56292984
111229337
21794651
54315030
21545501
104815590
56531540
50792741
55036146
58179626
71232908
109862709
97193778
2834996
107361111
11985038
94463291
97368809
111133902
69578816
69578816
99576542
95306144
47341503
61921860
59465306
24688653
77665433
52932099
46330778
18443007
46422750
81520361
51272297
66777777
3640131
2713556
69742727
28187214
31372340
26098611
20566754
94057292
59054819
58406502
39265841
33929082
90434982
11265737
111914154
114850196
67841036
41789186
82792280
49532306
18062318
3725832
73094868
673166
11428065
38850438
71484896
67008644
59446992
50770335
68675970
49159572
55191278
87179169
113589530
89201639
65595188
64664226
106556505
105252246
44896104
59618888
67698245
69065864
65344818
81992723
103936536
47403047
63885921
44200562
102831662
45939134
82891379
82121918
84907448
20550782
3839318
114217752
45538746
92781018
44908017
84339650
112886630
11352957
112555937
108288180
111038004
15439116
15551118
17439311
31542027
79314674
10726947
114573261
38725500
92598693
18762480
86865867
94658751
25001690
29117814
48733112
18844979
23843424
44025992
47761824
40247757
50037998
50007539
63885921
30848367
6691970
26221337
72894920
85298003
77464397
31433490
16301999
110098230
117739512
14257023
48918176
5755034
6595577
41250099
103555814
22731719
23607308
39426584
550439
57863091
92990336
66070388
10820039
41015337
66262944
30799263
6629172
18392649
12319461
114407897
25933809
63992840
31186088
87179169
1322342
80981274
46345958
114217752
51634440
46250852
3640131
11856932
54922922
43878548
63022112
115580486
10281513
11538548
110088329
42264683
57353735
15160793
54758318
53528871
108581616
67435994
116265566
88698356
90071255
83304540
2321748
60490485
4980887
84993677
72250265
111637646
58759469
17312195
99211133
34226279
99475628
49511417
13156605
83991039
77414337
45076052
96072042
66777777
54633942
86792772
97467711
36905220
115318566
38543043
93254270
98282085
112638174
82792280
99239811
10788360
17541710
74078201
13166274
87222531
15907980
30848367
94361982
95468340
18783006
64620962
43346588
14718660
47761824
12007050
35445762
72924786
1693460
34591424
16603323
89282094
42754701
117436472
94111214
18003744
106759422
101094213
38178327
52959324
31797909
29342279
72423449
60354162
25595625
72792885
12759747
102846776
54996017
70341777
77685894
78806838
31337195
15547289
7566405
116056347
17541710
93940373
93673139
18831119
54721392
115580486
32698908
23668292
98167244
116614178
29315451
35964192
69508361
59446992
104955906
22133727
65528562
93872393
10884851
15405686
54251141
4490012
46398198
52010276
39820208
116761226
112775123
50615961
84388556
37566936
103489122
30327330
9631874
106050252
79714371
95468340
47445353
63121641
63295452
28659147
38445891
27083528
98045607
102638415
76467962
7012994
59465306
15326123
22698257
43503306
36704778
5268449
65278652
113288174
71781864
38850438
21521742
66548459
16821717
326831
90749901
86755448
34486089
51748026
7463576
21618497
90123165
28999839
55802538
63684785
58062212
48694832
10486872
82083672
91782867
25804349
989207
100271820
76017150
101120019
112574913
43803771
77508980
66963435
46476770
22197746
101712402
67678413
82157657
39137240
2094311
10486872
101155857
116843858
15219830
93216057
30709898
77432850
96324888
101008049
15896297
4706789
77441462
63407322
50035259
99842358
30362672
110511291
28659147
75320519
100901327
46239995
111836801
72362433
45963290
69985673
66478698
17667143
53974865
27083528
4224924
71487338
61226945
20581176
19528146
14636324
16628435
94829063
43878548
76321640
78161094
45733941
50025525
76799975
963963
46504523
112401167
26282652
77438624
45780108
85391921
70092296
49064696
2021646
92313209
7532448
116328993
113741694
92598693
72362433
60691455
116611440
117058260
9548021
102831662
10249701
36096026
6648146
51634440
31039469
83410370
16849469
111697970
94405904
53838377
60125768
2600631
111326258
31039734
93691421
94892556
69247233
55356741
52020375
39839711
92770886
67389234
19299885
66832953
81823302
29315451
14352953
15905339
51634440
102707121
53976614
117566262
77949629
75224688
34380950
43476476
34929708
73880960
18891972
39588845
77371007
116679947
9427506
48469575
57548963
7621350
54969684
60278823
103162223
53976614
21284240
12946626
114963749
73839645
108187298
49064696
70824599
38945313
13417503
48928803
101155857
36182256
13051203
73295903
27395378
46249467
74467173
60700958
20550782
48525246
35525160
91347596
55027499
37516743
113024406
578787
115324703
15907980
54721392
85920383
74445096
99207140
33264396
69356495
22559955
8617091
18062318
75559242
99101210
29910144
77365398
89167451
68533343
48330447
61738049
63157215
18031925
16165875
76933262
38178327
86537945
37492817
86932890
38881226
72481266
38035998
68892747
65127084
66412334
79310748
77136146
25131612
44092158
99591921
55888238
95177312
4490012
10281513
70035900
41921385
2322210
19185870
3956930
91625621
5958117
106177104
113830530
2600169
116736905
96485432
21855668
9798195
18003744
8617091
106711836
4307687
106443777
81907385
77464397
31186088
105900299
113125089
45126906
60006837
102646401
23611830
61651622
3909972
9815057
11879240
75974745
100565850
110309792
74632074
21932360
66436457
32312708
58759469
70017552
28144149
23133891
13011107
94057292
73106847
112285205
73056752
92049045
112076249
66745733
13207589
96426989
33620696
102329469
81316190
12492611
82031466
922844
65840840
27271166
46942368
73656990
93318720
4903569
72837501
90466530
57846755
95281493
39109917
15214353
21855668
40445888
21284240
37492817
24616944
87275826
77272436
55639847
13156605
8209376
39590760
85427462
2600169
30507741
6946170
40445888
28158470
28144149
18245798
47551778
115636058
87983709
69011877
12203268
95566712
67276539
49851911
105951482
110968143
89629913
103167371
117205572
13011107
11563232
86537945
109786808
72169944
5909276
87632886
71217201
60211932
70122888
941523
81465978
82380045
97722438
67295085
49851911
66202686
80981274
59414057
20318693
11760144
65802297
71813478
56231901
7824794
115755750
116598305
93820319
64675215
49858973
101893572
50684270
77841356
35209283
34784640
34059662
33774213
117809669
54922922
61870974
11030612
83372553
107443511
114756212
9703286
116981931
82987310
99703526
26596943
30764678
95022741
89299452
38945313
23126433
32788668
39126648
33415239
7087904
40305572
36704778
67793946
66525491
97467711
63437517
30507741
111771560
43572176
83547189
25812104
25439832
97436261
98087781
105008673
113024406
77371007
110776709
12061137
27195894
73161197
98383526
90568004
54258929
24035550
4150773
11265737
29881500
13608276
36458730
111133902
48121688
69666365
38976926
65204897
38044644
52983678
33942150
117651237
103590101
63684785
58745477
1058739
3956930
25263149
64428176
22338723
9061107
100205687
45996390
92280309
99747284
52588931
12816473
69011877
55772837
10788360
25135406
98157245
32414118
11983718
108965967
77416086
82149474
115710441
68897862
11452121
64830480
66262944
89227775
37274160
83495576
23607308
40595576
108122487
39426584
96021981
35261853
55993740
55266650
106212843
16121456
92990336
97941953
99322476
60278823
36096026
34412333
67692437
65525328
35209283
22774025
54251141
12859670
36503214
44548085
76933262
30813486
11080014
56723633
4522154
55643973
941523
111606495
95566712
26618823
99101210
15916032
13784726
52758749
101105234
39137240
32162031
116619690
32123355
48525246
48139376
104431404
91879325
8079093
84706874
28651293
116830923
58642484
43414799
50723045
100387452
26350170
42468623
52847883
11030612
12435554
96072042
38485887
6615212
23523950
43731269
96809262
33089759
73094868
104048307
48964509
81325794
110834459
67134572
6220863
6579044
11467862
6481002
12337083
58421153
50684270
50330016
97553940
66814176
68706494
94756166
47063675
99791867
48199668
33872289
36204464
97307132
57952389
62927468
111808587
108099452
107146577
96382044
5275908
66725571
82859271
88225565
103200405
109583561
85587974
116195903
16279065
12007050
77432850
27082571
17210952
84667011
105055037
45205841
45385856
77310419
28132038
94484411
110059916
12372030
94581068
94463291
44245211
55018325
102638415
82126737
92479068
71429291
73492517
19042253
110626032
40674281
44362098
14151554
84451784
58482831
8222345
48637940
58520285
29918856
76398464
104483379
86865867
56723633
100106588
1322342
73878981
46126938
94510779
95943407
48928803
116814884
87216161
40812947
5539347
79103145
78128522
64875920
46043315
41465819
46631343
95306144
106711836
84800165
13618638
116614178
87985952
55910547
102868061
18398522
31582748
32143451
104243699
62801706
91879325
96428508
80618801
44341704
2535060
39820208
43053680
51774590
40305572
53123466
66884169
39555284
43024971
54503426
91231074
81465978
64830480
42056388
41963658
113627514
59646773
93964760
75564917
16668365
16498382
93018584
44081796
72528324
5958942
81520361
106759422
72660093
81941244
7083746
113578970
50220752
648647
44901153
101023955
32788668
104905053
78156375
17439311
21727760
97698743
74225513
24919322
106859642
55420991
103335803
80303091
87609951
98882288
55170356
109435128
97436261
83165313
83543097
63086661
116206332
14636324
115710441
93964760
36205917
8488194
68146848
110834459
110403909
42292272
45727868
38178327
36503214
4010325
22805673
23695914
49393542
21724493
44092158
48977906
111566630
76779978
50312591
67587069
76920294
92905724
117678627
91625621
22924704
44549307
2422728
79357707
65165891
21545501
71016626
14197523
10222904
83938205
86558604
9703286
21397364
46114034
38494202
35445762
25796198
113974508
21308561
29350431
17633417
6497667
27359441
50905041
56421222
55584045
45620916
18954276
79485879
103024910
56718519
47438490
2784903
517176
68146848
11219174
50576954
76108956
48934577
1457742
76412259
45566531
70926503
106876044
34833051
7566405
115108058
24919322
9257061
41897162
5755034
35857206
70072134
43263891
45751265
86140427
106746255
91487649
74915279
92064950
50940581
30211697
78056418
34042436
10249701
55952918
100901327
3779919
59054819
13902702
7566405
79251512
62871104
109248842
84518412
104815590
38867037
36273765
73329266
4198358
40898186
102413421
103571159
117224184
86403834
18884316
39100841
27870182
38881226
115225835
33217206
75974745
13943391
116206332
81081693
51010508
32151900
55341165
98268027
53095052
1165098
34390620
109777766
67628814
8052924
71393354
43482483
94240146
1684749
4930793
23611830
30177609
49851911
77213234
20106174
115108058
58642484
84534153
36572085
115130004
114624542
31407254
79357707
23006939
61678352
29372672
67084182
66810315
2682504
83921046
104426256
61870974
108957221
46043315
5218025
1690820
72599735
9745461
34380950
52251177
87704331
85920383
63001025
89032482
30058313
53561606
57607274
9161723
47003516
46106445
54406374
11978043
87601008
67780448
21597674
553905
33774213
72837501
36779655
76046057
71313066
32808567
83991039
26271960
11202938
26444747
106708767
34042436
63407123
97501733
43472120
52068026
104357318
38681180
21926684
78029688
31475862
104905053
91335518
79511486
12310353
250173
53974865
23030700
70735367
75446150
15236099
98078969
27359441
100595220
110194623
85391921
36704778
80243888
9687875
5469023
88643477
73085363
46633686
553905
55891703
81383477
106050252
32788668
22746108
76799975
110484825
107415000
72362433
75564917
115158020
66844239
62180283
96324888
49327707
47187887
79758590
93631659
67386692
45076052
5701277
81275667
20731457
78657084
100252382
78180069
11481128
31464939
25437621
86755448
111516272
43160303
96569615
70072134
109705826
1122330
63700790
38321415
41791563
96127613
2825625
19083503
83867816
73839645
38977454
108151295
115327046
46326093
66007689
39980390
51539465
69434937
104431404
69065898
70054412
83487657
91540911
15638931
36684812
37457772
89311496
96579284
39820208
98550374
101102990
18851744
113357804
57906981
37946799
14503268
34641222
38850438
84543590
68023098
81463997
16441953
93851076
79402356
37251917
63410391
108388070
22372910
72358175
116039450
92449994
97123521
89280114
44514228
112094961
84415979
40950822
64052966
88540551
108413085
110043252
24847976
38485887
57196391
83808944
94848567
89996378
84732647
83742978
87216161
101687949
76318010
116208410
44828717
61865924
13011107
59173521
35088240
42898218
49157492
18245798
39028737
87179169
116598305
90123165
90123165
35458698
517176
77623754
35631254
106013754
14150796
57416832
32836022
49360509
22594077
72579506
15042356
9032364
91782867
55857120
66548459
979241
103652241
32205326
17632824
31337195
71393354
45538746
79016091
41326526
40428926
33088505
46037013
86343773
95487744
79506108
13064799
62694225
101124572
104834070
47187887
57446961
73048865
109852775
49565075
91347596
12487332
7865912
103335803
74445096
100201364
40461266
89979417
77369126
42943428
104237627
47103210
20509401
10156970
38968248
16984142
41218320
26952486
51376149
71102327
77640783
116719977
73056752
4639634
24442835
74261582
38867037
9386156
13113803
59054819
73858125
54633942
38047514
45620916
98948322
7339200
73809449
117012588
71313066
27237012
51146634
65759594
113141720
69910203
104085563
70693952
39715830
10353056
10704407
110316360
37690059
46199835
90542034
54489038
94472762
20273087
83462345
81261510
99351614
82464491
101115531
94057292
117595302
113623125
21116930
57792174
67083851
81590354
1329174
84110531
56231901
55993740
94066137
26596943
37698672
70537730
2783550
6335109
100441373
25699971
86865867
82859271
82157657
26374028
72363258
17364171
4307687
53653215
77554323
10132056
105155952
46437170
30459197
94049274
27368087
79510200
57939914
21116930
54969684
57109569
70735367
38044644
80898345
103519284
64171437
41250099
115130004
36754542
21099044
7339200
13337610
29239352
65871201
70204463
99093852
38275215
105252246
72513902
57145968
106806480
75393417
82352523
111637646
115459640
15463404
23127324
99725834
84842571
3073388
30848367
109733051
114850196
67353725
89178408
59672085
114104727
34814174
73558484
29441709
22026806
104431404
28660037
97184636
25066997
64076595
61629249
73470308
112173402
66832953
449426
48437202
97936641
99269709
75335535
13011107
59115342
23668292
69405930
24254999
114478155
112775123
70022106
94380099
103481069
30413360
67353725
94619381
25593645
37800246
39371342
33275154
69468827
33949806
54503426
54922922
37163445
87983709
24785112
107677746
99647625
25804349
19512107
7153509
94728512
98673398
16465250
21773597
30611690
110182281
32788668
6766848
84200357
82316882
94095572
69704315
53505177
22527186
61511669
80628206
49157492
95400953
109339328
22014135
58248365
33868626
73171757
945053
6497667
21545501
85118946
44080311
35088240
15916032
77867657
21308561
6147305
100108932
90949353
22774025
68222252
34582086
18355920
84672818
44901153
97043628
92770886
68219051
109274813
79707903
26295984
8182580
105440675
46521090
53476334
37110645
101539613
34935450
105604983
54667931
58642847
82627050
60040002
27003437
13724732
69870470
48394632
87228305
109127040
5218025
9667218
94946148
80529173
29584202
104007981
37516743
3496086
39137240
99647625
40478030
102659171
98965382
58275491
105353654
82416246
76087340
72655275
41845451
50576954
8595476
17453205
79467860
94330136
109492251
83462345
47244384
38881226
25213979
22178870
108144596
97115667
89280114
36280694
79451823
25879029
116044203
50775218
9578283
115432911
30877175
26282652
100108932
63486423
112840133
52020375
106202216
55163460
68904990
96213645
49393542
109018371
74289897
72061440
6648146
70680026
58198899
43024971
3468233
34874003
62747256
6012369
10988735
49431854
61494245
41513636
97933901
36800181
47888082
18417036
67833183
114175446
28043168
111475353
44341704
32380787
19424789
63744911
103446914
36678146
91369806
56723633
117632229
8691606
56937870
55413236
94077488
47551778
69317489
3839318
46766016
77116644
108292899
38870435
116814884
80851022
45736350
12429548
3488397
22652321
26627798
54051722
99123552
96187707
89103959
92923379
69448598
74289963
616704
31498268
5717975
28633373
26923973
12029984
114667145
92666244
99563903
4522154
8691606
72720978
117253422
17633417
71748765
1089098
90835832
6972537
83601440
68935977
22135079
17009949
51880785
29375015
87848277
67847901
71841
12374439
18762480
53895071
18176631
24727559
11352957
45538746
7905215
84540324
74073681
44548712
102831662
69742727
35679797
11029854
3128927
92666244
77119515
28874835
29342279
94642680
51743966
77011934
78952731
39596534
41493077
31299707
32451968
37429161
36729990
35458698
594230
40573895
73295903
77932800
87482538
68264592
59397690
116414463
38977454
22941765
102622112
95336241
79874651
33961784
78561582
74884953
31756295
15535311
40445888
48636456
96354620
42420641
9314843
13001109
113834853
77159907
69783615
87983577
54822866
80697902
50886528
100608914
36684812
5625609
75300984
24286184
86545437
96793586
106708602
43681637
43053680
11703318
63400787
106746255
24249984
47304773
102404841
16603323
18262067
82149474
101646005
3488397
103489122
44828717
79740342
36377682
20581176
42968640
81051036
116706116
79054668
16044237
57633081
72943893
74169776
32262285
22776831
26618823
108493704
53278533
9623888
32162031
42097703
29436462
76398464
57943115
100201364
17218277
100408835
23606946
52666151
15535311
107305901
26741351
96455931
78588608
50711561
91487649
62060855
113156834
116970810
116819834
66880472
44293623
27907968
87857252
54601932
11983289
106206011
36842651
102824040
100909874
100233177
2195985
76049424
1073919
113809244
27233942
35209283
70022106
82886265
78543464
46176339
92770656
29115173
89092607
61908461
91346936
60857280
30058313
76507695
59114186
51146634
30286376
53190192
94423625
35209283
21197516
72110709
113468915
101877864
69545750
4548488
110389059
113513564
34929708
55341165
73487435
11052854
104152784
57607274
79442649
61576449
34640759
85619918
93750723
46384965
65871201
48637940
96182558
79656192
65683893
4026363
62697426
73263266
106495785
25263149
18891972
97573409
106050252
71070318
56114322
76685565
33089561
34807443
8106021
48964509
10841193
110348403
79128983
14801786
88722876
114792249
39084045
4730087
73094868
20527682
44291279
37967687
77416086
15378956
93015911
116222039
33958584
102770052
50973449
116438255
33008547
82562006
5244855
116766737
33662045
59823620
8438627
103601354
30449793
89216522
78177362
61537410
67794902
85947146
114030014
82438190
3294456
40357317
27243776
20792078
48139376
11978966
85123797
103425366
63270240
1926605
4183212
52680606
80354306
78243527
51241806
82864452
7555482
24442835
26301561
92342118
44293623
58748051
64150811
111702260
59851373
115449278
90347993
13001174
43641179
96916940
92044194
48649457
75658044
73077939
33660494
65437052
51813300
50642261
65480183
53218802
115122645
94047458
106430544
64931492
39659499
99187340
111989823
13257948
43586037
66681350
25123527
92830584
93343271
88558799
37828329
