166
165
165
165
165
164
163
163
162
162
161
160
159
158
158
157
157
157
156
156
156
155
154
153
153
153
152
151
150
150
150
149
148
147
147
146
146
146
146
146
146
145
145
145
144
143
143
142
142
141
141
141
141
141
141
141
141
141
141
141
141
141
141
141
141
141
141
141
141
141
141
141
141
141
141
141
141
141
141
141
141
141
141
141
141
141
141
141
141
141
141
141
141
141
141
141
141
141
141
141
141
141
141
141
141
141
141
141
141
141
141
141
141
141
141
141
141
141
141
141
141
141
141
141
141
141
141
141
141
141
141
141
141
141
141
141
141
141
141
141
141
141
141
141
141
141
141
141
141
141
141
141
141
141
141
141
141
141
141
141
141
141
141
141
141
141
141
141
0
0
0
0
0
0
0
0
0
0
0
141
141
141
141
141
141
141
141
141
141
141
141
141
141
141
142
142
142
142
142
143
144
0
0
2
2
0
1
0
0
1
1
3
3
0
0
1
2
3
0
3
0
1
1
2
2
2
0
2
2
1
0
2
0
0
0
4
4
4
0
4
0
4
4
0
4
1
1
0
2
0
1
2
0
0
0
1
1
0
0
0
0
3
5
0
0
0
0
0
0
0
5
5
3
3
1
1
0
0
1
1
3
