0
0
0
0
0
0
0
0
0
0
0
0
0
0
0
14
14
14
14
14
14
14
14
14
14
14
14
14
14
14
14
14
14
14
14
11
11
11
11
11
11
11
11
11
11
11
11
11
11
11
0
0
0
14
14
14
14
14
14
14
14
14
14
14
14
14
14
31
17
17
17
17
17
17
17
17
17
17
17
17
17
17
17
17
17
17
17
17
13
13
13
13
13
13
13
13
13
13
13
13
13
13
13
0
0
11
11
11
11
11
11
11
11
11
11
11
11
11
11
11
11
11
0
0
20
20
20
20
20
20
20
20
20
20
20
20
20
20
20
20
20
20
20
20
20
20
20
20
20
20
20
20
20
20
20
20
39
19
19
19
19
19
19
19
19
19
19
19
19
19
19
19
19
19
19
19
19
