1010
1010
1009
1009
1008
1007
1006
1005
1005
1005
1004
1003
1002
1001
1000
1000
999
998
998
998
998
998
998
997
996
996
995
994
994
994
994
993
993
993
992
992
991
991
990
990
989
988
987
987
986
986
986
985
984
984
983
983
983
982
982
982
981
981
980
979
979
979
978
978
978
977
977
976
975
974
974
974
974
974
973
972
971
971
971
971
971
970
969
969
969
969
969
968
968
967
967
967
967
967
967
966
966
966
965
965
964
964
963
962
962
962
961
961
960
959
959
959
958
957
957
956
955
954
953
952
951
950
949
948
948
948
947
947
947
946
946
945
945
944
944
943
942
941
941
941
941
940
940
940
939
939
938
938
938
938
937
936
935
935
935
935
935
935
935
935
935
934
934
933
933
933
933
932
932
932
931
930
929
928
927
926
926
925
924
923
922
921
921
920
919
919
919
919
918
917
916
916
915
914
913
913
912
912
911
910
910
909
908
907
906
906
906
905
904
904
904
903
902
901
900
899
899
898
898
897
897
896
896
895
895
895
895
894
893
892
892
892
891
890
889
889
889
888
888
888
888
888
887
886
886
885
885
884
883
883
882
881
881
880
879
878
878
878
878
878
878
878
877
876
875
874
874
874
874
874
874
874
874
874
874
873
872
872
871
870
870
869
869
868
867
866
865
864
863
862
861
860
859
858
858
857
857
857
856
855
855
855
854
853
852
852
851
850
849
849
849
849
848
848
848
848
847
847
847
846
846
846
846
845
844
844
843
842
842
841
841
841
841
841
841
841
840
840
839
838
838
837
836
835
834
833
833
832
832
831
831
831
831
830
829
828
828
827
826
826
825
824
824
823
822
821
820
820
819
819
818
818
817
816
816
816
815
815
815
814
814
814
813
813
812
812
812
812
812
812
812
811
810
810
809
809
809
809
808
808
808
807
806
806
806
805
805
804
803
802
802
802
802
801
800
799
798
798
797
797
797
797
797
797
796
795
795
795
794
793
792
791
791
790
789
788
787
786
785
785
785
784
783
783
783
782
781
780
779
778
777
776
775
775
774
774
774
773
773
773
773
772
772
772
771
771
771
771
770
770
770
770
770
770
770
769
768
768
768
768
767
766
765
764
764
763
762
762
762
762
762
762
762
761
760
759
758
757
756
755
754
753
753
752
752
751
750
749
749
749
749
749
749
748
748
748
748
747
746
746
746
746
745
745
745
744
743
742
741
741
740
740
740
739
738
738
738
738
737
737
736
735
734
734
733
732
732
731
730
730
730
730
730
730
729
728
727
726
726
726
726
725
724
724
723
723
722
721
720
720
720
719
718
717
717
716
715
715
714
714
714
714
714
713
712
712
712
712
711
710
709
708
708
707
707
707
706
706
706
706
705
705
705
704
703
703
702
701
700
700
700
700
700
699
699
699
699
698
697
697
697
697
697
697
696
696
696
695
695
695
694
694
694
694
693
693
693
693
692
691
690
689
688
687
687
687
687
687
686
685
685
684
684
684
684
683
682
682
681
681
681
681
680
680
679
679
679
678
677
676
676
675
675
674
674
674
673
673
672
672
671
670
670
669
669
668
668
668
668
668
667
667
667
667
666
665
665
664
663
662
662
661
661
660
660
659
659
659
658
658
658
657
657
656
655
655
654
654
654
653
652
651
651
651
651
650
649
649
649
648
648
648
648
647
647
647
647
647
646
646
645
644
643
642
641
641
641
641
640
640
639
639
638
637
637
637
637
637
636
635
634
633
632
632
632
631
630
629
628
627
627
627
626
626
626
625
625
625
625
624
624
624
623
623
622
621
620
619
619
619
619
618
618
617
617
617
617
616
616
615
614
614
613
612
612
611
611
610
609
609
608
607
607
607
607
606
605
605
605
605
605
604
604
603
603
602
601
601
601
600
599
598
597
597
596
596
596
595
595
595
594
593
593
593
592
591
591
590
589
589
589
589
588
588
587
586
586
585
585
584
583
582
581
580
579
579
578
577
577
576
575
574
573
573
572
571
570
569
569
568
568
567
567
566
566
566
566
566
566
565
565
564
564
564
564
564
563
563
563
563
563
562
562
562
561
560
560
560
560
560
560
559
558
558
557
557
557
556
556
556
556
555
554
553
552
551
550
549
548
547
546
546
545
544
544
544
544
543
542
541
540
540
539
538
538
537
537
537
537
536
535
535
535
534
534
533
532
531
531
531
531
530
529
529
529
528
527
526
526
525
525
525
524
524
524
524
523
523
522
522
521
520
520
520
519
519
519
519
518
517
517
517
516
516
515
514
513
512
511
511
510
509
508
508
507
506
505
505
505
505
504
503
502
501
500
499
499
499
498
498
497
496
496
496
495
495
495
494
494
493
493
493
493
493
493
492
491
491
490
490
490
490
490
489
488
488
487
486
485
484
483
482
482
481
481
480
479
478
477
477
477
477
477
477
476
476
475
475
475
474
473
473
473
472
471
471
470
469
468
468
467
467
467
466
465
464
464
464
464
463
463
462
461
461
461
461
461
461
461
460
460
459
459
459
458
457
456
456
456
456
456
456
455
454
454
453
452
452
451
451
451
451
451
451
450
450
449
448
448
447
447
447
446
446
446
446
445
445
444
443
442
441
440
439
439
439
439
439
439
438
437
437
437
437
437
436
436
435
435
434
433
432
432
431
430
429
428
428
428
428
427
426
426
426
425
425
425
424
424
424
423
423
422
421
421
421
420
419
418
417
416
415
415
414
413
412
411
411
411
411
410
409
409
408
407
406
405
405
405
404
404
403
403
402
401
400
399
399
399
399
399
398
397
397
396
396
395
395
394
393
393
393
393
392
392
391
391
390
389
388
388
388
388
388
388
388
387
386
385
385
384
384
384
383
382
382
382
381
380
380
380
379
378
377
377
377
376
376
376
375
374
373
373
372
371
370
370
369
368
368
368
367
367
367
366
365
364
363
362
362
362
362
362
362
362
362
362
362
362
362
362
362
362
362
362
362
362
362
362
362
362
362
362
362
362
362
362
362
362
362
362
362
362
362
362
362
362
362
362
362
362
362
362
362
362
362
362
362
362
362
362
362
362
362
362
362
362
362
362
362
362
362
362
362
362
362
362
362
362
362
362
362
362
362
362
362
362
362
362
362
362
362
362
362
362
362
362
362
362
362
362
362
362
362
362
362
362
362
362
362
362
362
362
362
362
362
362
362
362
362
362
362
362
362
362
362
362
362
362
362
362
362
362
362
362
362
362
362
362
362
362
362
362
362
362
362
362
362
362
362
362
362
362
362
362
362
362
362
362
362
362
362
362
362
362
362
362
362
362
362
362
362
362
362
362
362
362
362
362
362
362
362
362
362
362
362
362
362
362
362
362
362
362
362
362
362
362
362
362
362
362
362
362
362
362
362
362
362
362
362
362
362
362
362
362
362
0
0
0
362
362
362
362
362
362
362
362
362
362
362
362
362
362
362
362
362
362
362
362
362
362
362
362
362
362
362
362
362
362
362
362
362
362
362
362
362
362
362
362
362
362
362
362
362
362
362
362
362
362
362
362
362
362
362
362
362
362
362
362
362
362
362
362
362
362
362
362
362
362
362
362
362
362
362
362
362
362
362
362
362
362
362
362
362
362
362
362
362
362
362
362
362
362
362
362
362
362
362
362
362
362
362
362
362
362
362
362
362
362
362
362
362
362
362
362
362
362
362
362
362
362
362
362
362
362
362
362
362
362
362
362
362
362
362
362
362
362
362
362
362
362
362
362
362
362
362
362
362
362
362
362
363
364
364
365
366
366
367
368
369
369
370
370
371
372
372
372
372
373
373
373
373
373
374
375
375
375
375
375
375
375
375
376
376
376
376
376
377
378
379
380
381
382
383
384
384
384
385
386
386
387
387
388
388
389
389
389
389
390
390
390
390
390
391
391
391
392
393
393
394
395
396
396
396
396
396
397
398
399
399
400
400
401
402
403
403
403
404
404
404
405
406
407
407
408
408
409
409
410
411
411
412
413
414
414
414
415
416
417
417
417
418
418
418
419
420
421
421
421
421
421
422
422
423
424
425
425
425
425
425
426
426
427
428
429
429
429
429
430
430
430
431
432
433
433
433
434
435
436
436
437
438
439
440
440
440
440
441
442
443
443
443
444
444
444
445
445
445
446
447
448
448
448
449
449
450
450
451
452
453
454
455
455
456
457
458
459
460
461
462
462
462
463
464
465
466
466
466
466
467
467
468
468
468
468
468
468
468
468
469
469
469
470
471
471
471
471
472
472
472
472
473
474
475
476
477
477
477
478
478
478
479
480
480
481
482
482
482
483
484
484
484
484
484
485
486
487
487
488
488
489
489
489
489
489
489
490
490
491
492
492
493
493
493
493
493
493
493
494
495
496
496
496
496
496
496
497
498
499
500
501
502
503
504
504
504
505
505
505
506
506
506
506
507
508
509
509
510
510
510
510
511
512
512
512
513
514
515
516
517
517
517
517
518
519
520
520
521
522
523
523
524
524
524
525
526
526
526
527
528
528
529
529
530
530
530
530
531
532
532
532
532
533
533
533
534
534
535
535
535
535
0
4
3
3
3
0
3
0
0
0
3
0
0
0
0
0
2
0
1
1
0
0
0
0
0
0
1
5
3
0
3
3
3
1
1
1
1
1
0
0
0
0
0
0
1
0
1
0
0
3
0
0
1
1
1
1
1
1
1
1
2
2
0
0
0
0
0
0
3
0
0
0
0
3
3
0
2
0
4
0
